# JRE version: OpenJDK Runtime Environment (8.0_202-b03) (build 1.8.0_202-release-1483-b03)
# Java VM: OpenJDK 64-Bit Server VM (25.202-b03 mixed mode windows-amd64 compressed oops)
Heap:
 PSYoungGen      total 135168K, used 82106K [0x00000000e0000000, 0x00000000e9580000, 0x0000000100000000)
  eden space 122368K, 67% used [0x00000000e0000000,0x00000000e502e848,0x00000000e7780000)
  from space 12800K, 0% used [0x00000000e8380000,0x00000000e8380000,0x00000000e9000000)
  to   space 12288K, 0% used [0x00000000e7780000,0x00000000e7780000,0x00000000e8380000)
 ParOldGen       total 122880K, used 15136K [0x00000000a0000000, 0x00000000a7800000, 0x00000000e0000000)
  object space 122880K, 12% used [0x00000000a0000000,0x00000000a0ec8028,0x00000000a7800000)
 Metaspace       used 43615K, capacity 44462K, committed 44584K, reserved 1087488K
  class space    used 5899K, capacity 6159K, committed 6184K, reserved 1048576K
GC Heap History (10 events):
Event: 5.031 GC heap before
{Heap before GC invocations=6 (full 1):
 PSYoungGen      total 56832K, used 49152K [0x00000000e0000000, 0x00000000e3f00000, 0x0000000100000000)
  eden space 49152K, 100% used [0x00000000e0000000,0x00000000e3000000,0x00000000e3000000)
  from space 7680K, 0% used [0x00000000e3780000,0x00000000e3780000,0x00000000e3f00000)
  to   space 7680K, 0% used [0x00000000e3000000,0x00000000e3000000,0x00000000e3780000)
 ParOldGen       total 85504K, used 9872K [0x00000000a0000000, 0x00000000a5380000, 0x00000000e0000000)
  object space 85504K, 11% used [0x00000000a0000000,0x00000000a09a41d8,0x00000000a5380000)
 Metaspace       used 27317K, capacity 27840K, committed 28032K, reserved 1073152K
  class space    used 3729K, capacity 3897K, committed 3968K, reserved 1048576K
Event: 5.035 GC heap after
Heap after GC invocations=6 (full 1):
 PSYoungGen      total 56832K, used 6579K [0x00000000e0000000, 0x00000000e6080000, 0x0000000100000000)
  eden space 49152K, 0% used [0x00000000e0000000,0x00000000e0000000,0x00000000e3000000)
  from space 7680K, 85% used [0x00000000e3000000,0x00000000e366cec8,0x00000000e3780000)
  to   space 12288K, 0% used [0x00000000e5480000,0x00000000e5480000,0x00000000e6080000)
 ParOldGen       total 85504K, used 9880K [0x00000000a0000000, 0x00000000a5380000, 0x00000000e0000000)
  object space 85504K, 11% used [0x00000000a0000000,0x00000000a09a61d8,0x00000000a5380000)
 Metaspace       used 27317K, capacity 27840K, committed 28032K, reserved 1073152K
  class space    used 3729K, capacity 3897K, committed 3968K, reserved 1048576K
}
Event: 5.532 GC heap before
{Heap before GC invocations=7 (full 1):
 PSYoungGen      total 56832K, used 55731K [0x00000000e0000000, 0x00000000e6080000, 0x0000000100000000)
  eden space 49152K, 100% used [0x00000000e0000000,0x00000000e3000000,0x00000000e3000000)
  from space 7680K, 85% used [0x00000000e3000000,0x00000000e366cec8,0x00000000e3780000)
  to   space 12288K, 0% used [0x00000000e5480000,0x00000000e5480000,0x00000000e6080000)
 ParOldGen       total 85504K, used 9880K [0x00000000a0000000, 0x00000000a5380000, 0x00000000e0000000)
  object space 85504K, 11% used [0x00000000a0000000,0x00000000a09a61d8,0x00000000a5380000)
 Metaspace       used 30377K, capacity 30854K, committed 31232K, reserved 1077248K
  class space    used 4142K, capacity 4300K, committed 4352K, reserved 1048576K
Event: 5.541 GC heap after
Heap after GC invocations=7 (full 1):
 PSYoungGen      total 87040K, used 6881K [0x00000000e0000000, 0x00000000e6300000, 0x0000000100000000)
  eden space 74752K, 0% used [0x00000000e0000000,0x00000000e0000000,0x00000000e4900000)
  from space 12288K, 56% used [0x00000000e5480000,0x00000000e5b38558,0x00000000e6080000)
  to   space 11776K, 0% used [0x00000000e4900000,0x00000000e4900000,0x00000000e5480000)
 ParOldGen       total 85504K, used 9888K [0x00000000a0000000, 0x00000000a5380000, 0x00000000e0000000)
  object space 85504K, 11% used [0x00000000a0000000,0x00000000a09a81d8,0x00000000a5380000)
 Metaspace       used 30377K, capacity 30854K, committed 31232K, reserved 1077248K
  class space    used 4142K, capacity 4300K, committed 4352K, reserved 1048576K
}
Event: 7.278 GC heap before
{Heap before GC invocations=8 (full 1):
 PSYoungGen      total 87040K, used 81633K [0x00000000e0000000, 0x00000000e6300000, 0x0000000100000000)
  eden space 74752K, 100% used [0x00000000e0000000,0x00000000e4900000,0x00000000e4900000)
  from space 12288K, 56% used [0x00000000e5480000,0x00000000e5b38558,0x00000000e6080000)
  to   space 11776K, 0% used [0x00000000e4900000,0x00000000e4900000,0x00000000e5480000)
 ParOldGen       total 85504K, used 9888K [0x00000000a0000000, 0x00000000a5380000, 0x00000000e0000000)
  object space 85504K, 11% used [0x00000000a0000000,0x00000000a09a81d8,0x00000000a5380000)
 Metaspace       used 34348K, capacity 34996K, committed 35200K, reserved 1079296K
  class space    used 4728K, capacity 4917K, committed 4992K, reserved 1048576K
Event: 7.312 GC heap after
Heap after GC invocations=8 (full 1):
 PSYoungGen      total 86528K, used 10994K [0x00000000e0000000, 0x00000000e9000000, 0x0000000100000000)
  eden space 74752K, 0% used [0x00000000e0000000,0x00000000e0000000,0x00000000e4900000)
  from space 11776K, 93% used [0x00000000e4900000,0x00000000e53bc870,0x00000000e5480000)
  to   space 12800K, 0% used [0x00000000e8380000,0x00000000e8380000,0x00000000e9000000)
 ParOldGen       total 85504K, used 9896K [0x00000000a0000000, 0x00000000a5380000, 0x00000000e0000000)
  object space 85504K, 11% used [0x00000000a0000000,0x00000000a09aa1d8,0x00000000a5380000)
 Metaspace       used 34348K, capacity 34996K, committed 35200K, reserved 1079296K
  class space    used 4728K, capacity 4917K, committed 4992K, reserved 1048576K
}
Event: 7.496 GC heap before
{Heap before GC invocations=9 (full 1):
 PSYoungGen      total 86528K, used 19224K [0x00000000e0000000, 0x00000000e9000000, 0x0000000100000000)
  eden space 74752K, 11% used [0x00000000e0000000,0x00000000e0809940,0x00000000e4900000)
  from space 11776K, 93% used [0x00000000e4900000,0x00000000e53bc870,0x00000000e5480000)
  to   space 12800K, 0% used [0x00000000e8380000,0x00000000e8380000,0x00000000e9000000)
 ParOldGen       total 85504K, used 9896K [0x00000000a0000000, 0x00000000a5380000, 0x00000000e0000000)
  object space 85504K, 11% used [0x00000000a0000000,0x00000000a09aa1d8,0x00000000a5380000)
 Metaspace       used 34695K, capacity 35420K, committed 35496K, reserved 1079296K
  class space    used 4782K, capacity 4995K, committed 5032K, reserved 1048576K
Event: 7.504 GC heap after
Heap after GC invocations=9 (full 1):
 PSYoungGen      total 135168K, used 8290K [0x00000000e0000000, 0x00000000e9580000, 0x0000000100000000)
  eden space 122368K, 0% used [0x00000000e0000000,0x00000000e0000000,0x00000000e7780000)
  from space 12800K, 64% used [0x00000000e8380000,0x00000000e8b98b18,0x00000000e9000000)
  to   space 12288K, 0% used [0x00000000e7780000,0x00000000e7780000,0x00000000e8380000)
 ParOldGen       total 85504K, used 9904K [0x00000000a0000000, 0x00000000a5380000, 0x00000000e0000000)
  object space 85504K, 11% used [0x00000000a0000000,0x00000000a09ac1d8,0x00000000a5380000)
 Metaspace       used 34695K, capacity 35420K, committed 35496K, reserved 1079296K
  class space    used 4782K, capacity 4995K, committed 5032K, reserved 1048576K
}
Event: 7.504 GC heap before
{Heap before GC invocations=10 (full 2):
 PSYoungGen      total 135168K, used 8290K [0x00000000e0000000, 0x00000000e9580000, 0x0000000100000000)
  eden space 122368K, 0% used [0x00000000e0000000,0x00000000e0000000,0x00000000e7780000)
  from space 12800K, 64% used [0x00000000e8380000,0x00000000e8b98b18,0x00000000e9000000)
  to   space 12288K, 0% used [0x00000000e7780000,0x00000000e7780000,0x00000000e8380000)
 ParOldGen       total 85504K, used 9904K [0x00000000a0000000, 0x00000000a5380000, 0x00000000e0000000)
  object space 85504K, 11% used [0x00000000a0000000,0x00000000a09ac1d8,0x00000000a5380000)
 Metaspace       used 34695K, capacity 35420K, committed 35496K, reserved 1079296K
  class space    used 4782K, capacity 4995K, committed 5032K, reserved 1048576K
Event: 7.585 GC heap after
Heap after GC invocations=10 (full 2):
 PSYoungGen      total 135168K, used 0K [0x00000000e0000000, 0x00000000e9580000, 0x0000000100000000)
  eden space 122368K, 0% used [0x00000000e0000000,0x00000000e0000000,0x00000000e7780000)
  from space 12800K, 0% used [0x00000000e8380000,0x00000000e8380000,0x00000000e9000000)
  to   space 12288K, 0% used [0x00000000e7780000,0x00000000e7780000,0x00000000e8380000)
 ParOldGen       total 122880K, used 15136K [0x00000000a0000000, 0x00000000a7800000, 0x00000000e0000000)
  object space 122880K, 12% used [0x00000000a0000000,0x00000000a0ec8028,0x00000000a7800000)
 Metaspace       used 34686K, capacity 35390K, committed 35496K, reserved 1079296K
  class space    used 4780K, capacity 4990K, committed 5032K, reserved 1048576K
}

