# JRE version: OpenJDK Runtime Environment (8.0_202-b03) (build 1.8.0_202-release-1483-b03)
# Java VM: OpenJDK 64-Bit Server VM (25.202-b03 mixed mode windows-amd64 compressed oops)
Heap:
 PSYoungGen      total 243200K, used 80269K [0x00000000e0000000, 0x00000000f0680000, 0x0000000100000000)
  eden space 223744K, 35% used [0x00000000e0000000,0x00000000e4e63610,0x00000000eda80000)
  from space 19456K, 0% used [0x00000000ef200000,0x00000000ef200000,0x00000000f0500000)
  to   space 22528K, 0% used [0x00000000eda80000,0x00000000eda80000,0x00000000ef080000)
 ParOldGen       total 125440K, used 33977K [0x00000000a0000000, 0x00000000a7a80000, 0x00000000e0000000)
  object space 125440K, 27% used [0x00000000a0000000,0x00000000a212e658,0x00000000a7a80000)
 Metaspace       used 59649K, capacity 61804K, committed 62168K, reserved 1103872K
  class space    used 8123K, capacity 8593K, committed 8704K, reserved 1048576K
GC Heap History (10 events):
Event: 10.480 GC heap before
{Heap before GC invocations=7 (full 1):
 PSYoungGen      total 105984K, used 92862K [0x00000000e0000000, 0x00000000eb480000, 0x0000000100000000)
  eden space 98304K, 86% used [0x00000000e0000000,0x00000000e5332a60,0x00000000e6000000)
  from space 7680K, 99% used [0x00000000e6000000,0x00000000e677ce48,0x00000000e6780000)
  to   space 13312K, 0% used [0x00000000ea780000,0x00000000ea780000,0x00000000eb480000)
 ParOldGen       total 81408K, used 12666K [0x00000000a0000000, 0x00000000a4f80000, 0x00000000e0000000)
  object space 81408K, 15% used [0x00000000a0000000,0x00000000a0c5eaa0,0x00000000a4f80000)
 Metaspace       used 34692K, capacity 35394K, committed 35456K, reserved 1079296K
  class space    used 4778K, capacity 4990K, committed 4992K, reserved 1048576K
Event: 10.529 GC heap after
Heap after GC invocations=7 (full 1):
 PSYoungGen      total 170496K, used 12046K [0x00000000e0000000, 0x00000000eb700000, 0x0000000100000000)
  eden space 157184K, 0% used [0x00000000e0000000,0x00000000e0000000,0x00000000e9980000)
  from space 13312K, 90% used [0x00000000ea780000,0x00000000eb3438f0,0x00000000eb480000)
  to   space 14336K, 0% used [0x00000000e9980000,0x00000000e9980000,0x00000000ea780000)
 ParOldGen       total 81408K, used 12674K [0x00000000a0000000, 0x00000000a4f80000, 0x00000000e0000000)
  object space 81408K, 15% used [0x00000000a0000000,0x00000000a0c60aa0,0x00000000a4f80000)
 Metaspace       used 34692K, capacity 35394K, committed 35456K, reserved 1079296K
  class space    used 4778K, capacity 4990K, committed 4992K, reserved 1048576K
}
Event: 10.529 GC heap before
{Heap before GC invocations=8 (full 2):
 PSYoungGen      total 170496K, used 12046K [0x00000000e0000000, 0x00000000eb700000, 0x0000000100000000)
  eden space 157184K, 0% used [0x00000000e0000000,0x00000000e0000000,0x00000000e9980000)
  from space 13312K, 90% used [0x00000000ea780000,0x00000000eb3438f0,0x00000000eb480000)
  to   space 14336K, 0% used [0x00000000e9980000,0x00000000e9980000,0x00000000ea780000)
 ParOldGen       total 81408K, used 12674K [0x00000000a0000000, 0x00000000a4f80000, 0x00000000e0000000)
  object space 81408K, 15% used [0x00000000a0000000,0x00000000a0c60aa0,0x00000000a4f80000)
 Metaspace       used 34692K, capacity 35394K, committed 35456K, reserved 1079296K
  class space    used 4778K, capacity 4990K, committed 4992K, reserved 1048576K
Event: 10.676 GC heap after
Heap after GC invocations=8 (full 2):
 PSYoungGen      total 170496K, used 0K [0x00000000e0000000, 0x00000000eb700000, 0x0000000100000000)
  eden space 157184K, 0% used [0x00000000e0000000,0x00000000e0000000,0x00000000e9980000)
  from space 13312K, 0% used [0x00000000ea780000,0x00000000ea780000,0x00000000eb480000)
  to   space 14336K, 0% used [0x00000000e9980000,0x00000000e9980000,0x00000000ea780000)
 ParOldGen       total 125440K, used 18720K [0x00000000a0000000, 0x00000000a7a80000, 0x00000000e0000000)
  object space 125440K, 14% used [0x00000000a0000000,0x00000000a12481f0,0x00000000a7a80000)
 Metaspace       used 34692K, capacity 35394K, committed 35456K, reserved 1079296K
  class space    used 4778K, capacity 4990K, committed 4992K, reserved 1048576K
}
Event: 13.807 GC heap before
{Heap before GC invocations=9 (full 2):
 PSYoungGen      total 170496K, used 157184K [0x00000000e0000000, 0x00000000eb700000, 0x0000000100000000)
  eden space 157184K, 100% used [0x00000000e0000000,0x00000000e9980000,0x00000000e9980000)
  from space 13312K, 0% used [0x00000000ea780000,0x00000000ea780000,0x00000000eb480000)
  to   space 14336K, 0% used [0x00000000e9980000,0x00000000e9980000,0x00000000ea780000)
 ParOldGen       total 125440K, used 18720K [0x00000000a0000000, 0x00000000a7a80000, 0x00000000e0000000)
  object space 125440K, 14% used [0x00000000a0000000,0x00000000a12481f0,0x00000000a7a80000)
 Metaspace       used 49561K, capacity 50850K, committed 51072K, reserved 1093632K
  class space    used 6692K, capacity 7040K, committed 7040K, reserved 1048576K
Event: 13.833 GC heap after
Heap after GC invocations=9 (full 2):
 PSYoungGen      total 171520K, used 14335K [0x00000000e0000000, 0x00000000f0500000, 0x0000000100000000)
  eden space 157184K, 0% used [0x00000000e0000000,0x00000000e0000000,0x00000000e9980000)
  from space 14336K, 99% used [0x00000000e9980000,0x00000000ea77fce0,0x00000000ea780000)
  to   space 19456K, 0% used [0x00000000ef200000,0x00000000ef200000,0x00000000f0500000)
 ParOldGen       total 125440K, used 24515K [0x00000000a0000000, 0x00000000a7a80000, 0x00000000e0000000)
  object space 125440K, 19% used [0x00000000a0000000,0x00000000a17f0f30,0x00000000a7a80000)
 Metaspace       used 49561K, capacity 50850K, committed 51072K, reserved 1093632K
  class space    used 6692K, capacity 7040K, committed 7040K, reserved 1048576K
}
Event: 17.219 GC heap before
{Heap before GC invocations=10 (full 2):
 PSYoungGen      total 171520K, used 123528K [0x00000000e0000000, 0x00000000f0500000, 0x0000000100000000)
  eden space 157184K, 69% used [0x00000000e0000000,0x00000000e6aa26f0,0x00000000e9980000)
  from space 14336K, 99% used [0x00000000e9980000,0x00000000ea77fce0,0x00000000ea780000)
  to   space 19456K, 0% used [0x00000000ef200000,0x00000000ef200000,0x00000000f0500000)
 ParOldGen       total 125440K, used 24515K [0x00000000a0000000, 0x00000000a7a80000, 0x00000000e0000000)
  object space 125440K, 19% used [0x00000000a0000000,0x00000000a17f0f30,0x00000000a7a80000)
 Metaspace       used 57395K, capacity 59030K, committed 59096K, reserved 1099776K
  class space    used 7792K, capacity 8170K, committed 8192K, reserved 1048576K
Event: 17.256 GC heap after
Heap after GC invocations=10 (full 2):
 PSYoungGen      total 243200K, used 19443K [0x00000000e0000000, 0x00000000f0680000, 0x0000000100000000)
  eden space 223744K, 0% used [0x00000000e0000000,0x00000000e0000000,0x00000000eda80000)
  from space 19456K, 99% used [0x00000000ef200000,0x00000000f04fcf78,0x00000000f0500000)
  to   space 22528K, 0% used [0x00000000eda80000,0x00000000eda80000,0x00000000ef080000)
 ParOldGen       total 125440K, used 25162K [0x00000000a0000000, 0x00000000a7a80000, 0x00000000e0000000)
  object space 125440K, 20% used [0x00000000a0000000,0x00000000a1892838,0x00000000a7a80000)
 Metaspace       used 57395K, capacity 59030K, committed 59096K, reserved 1099776K
  class space    used 7792K, capacity 8170K, committed 8192K, reserved 1048576K
}
Event: 17.256 GC heap before
{Heap before GC invocations=11 (full 3):
 PSYoungGen      total 243200K, used 19443K [0x00000000e0000000, 0x00000000f0680000, 0x0000000100000000)
  eden space 223744K, 0% used [0x00000000e0000000,0x00000000e0000000,0x00000000eda80000)
  from space 19456K, 99% used [0x00000000ef200000,0x00000000f04fcf78,0x00000000f0500000)
  to   space 22528K, 0% used [0x00000000eda80000,0x00000000eda80000,0x00000000ef080000)
 ParOldGen       total 125440K, used 25162K [0x00000000a0000000, 0x00000000a7a80000, 0x00000000e0000000)
  object space 125440K, 20% used [0x00000000a0000000,0x00000000a1892838,0x00000000a7a80000)
 Metaspace       used 57395K, capacity 59030K, committed 59096K, reserved 1099776K
  class space    used 7792K, capacity 8170K, committed 8192K, reserved 1048576K
Event: 17.603 GC heap after
Heap after GC invocations=11 (full 3):
 PSYoungGen      total 243200K, used 0K [0x00000000e0000000, 0x00000000f0680000, 0x0000000100000000)
  eden space 223744K, 0% used [0x00000000e0000000,0x00000000e0000000,0x00000000eda80000)
  from space 19456K, 0% used [0x00000000ef200000,0x00000000ef200000,0x00000000f0500000)
  to   space 22528K, 0% used [0x00000000eda80000,0x00000000eda80000,0x00000000ef080000)
 ParOldGen       total 125440K, used 33977K [0x00000000a0000000, 0x00000000a7a80000, 0x00000000e0000000)
  object space 125440K, 27% used [0x00000000a0000000,0x00000000a212e658,0x00000000a7a80000)
 Metaspace       used 57395K, capacity 59030K, committed 59096K, reserved 1099776K
  class space    used 7792K, capacity 8170K, committed 8192K, reserved 1048576K
}

