# JRE version: OpenJDK Runtime Environment (8.0_202-b03) (build 1.8.0_202-release-1483-b03)
# Java VM: OpenJDK 64-Bit Server VM (25.202-b03 mixed mode windows-amd64 compressed oops)
Heap:
 PSYoungGen      total 338944K, used 14272K [0x00000000e0000000, 0x00000000f6680000, 0x0000000100000000)
  eden space 310784K, 1% used [0x00000000e0000000,0x00000000e04af6d0,0x00000000f2f80000)
  from space 28160K, 33% used [0x00000000f2f80000,0x00000000f38c0a48,0x00000000f4b00000)
  to   space 20480K, 0% used [0x00000000f5280000,0x00000000f5280000,0x00000000f6680000)
 ParOldGen       total 166400K, used 44387K [0x00000000a0000000, 0x00000000aa280000, 0x00000000e0000000)
  object space 166400K, 26% used [0x00000000a0000000,0x00000000a2b58ca8,0x00000000aa280000)
 Metaspace       used 85115K, capacity 89148K, committed 89304K, reserved 1126400K
  class space    used 11201K, capacity 11965K, committed 12032K, reserved 1048576K
GC Heap History (10 events):
Event: 28.561 GC heap before
{Heap before GC invocations=16 (full 3):
 PSYoungGen      total 224768K, used 224467K [0x00000000e0000000, 0x00000000f0280000, 0x0000000100000000)
  eden space 210432K, 100% used [0x00000000e0000000,0x00000000ecd80000,0x00000000ecd80000)
  from space 14336K, 97% used [0x00000000ef480000,0x00000000f0234c78,0x00000000f0280000)
  to   space 20480K, 0% used [0x00000000eda80000,0x00000000eda80000,0x00000000eee80000)
 ParOldGen       total 166400K, used 28985K [0x00000000a0000000, 0x00000000aa280000, 0x00000000e0000000)
  object space 166400K, 17% used [0x00000000a0000000,0x00000000a1c4e5a8,0x00000000aa280000)
 Metaspace       used 74681K, capacity 77622K, committed 77784K, reserved 1116160K
  class space    used 10112K, capacity 10722K, committed 10752K, reserved 1048576K
Event: 28.600 GC heap after
Heap after GC invocations=16 (full 3):
 PSYoungGen      total 244224K, used 20466K [0x00000000e0000000, 0x00000000f3780000, 0x0000000100000000)
  eden space 223744K, 0% used [0x00000000e0000000,0x00000000e0000000,0x00000000eda80000)
  from space 20480K, 99% used [0x00000000eda80000,0x00000000eee7cb40,0x00000000eee80000)
  to   space 26624K, 0% used [0x00000000f1d80000,0x00000000f1d80000,0x00000000f3780000)
 ParOldGen       total 166400K, used 37819K [0x00000000a0000000, 0x00000000aa280000, 0x00000000e0000000)
  object space 166400K, 22% used [0x00000000a0000000,0x00000000a24eef08,0x00000000aa280000)
 Metaspace       used 74681K, capacity 77622K, committed 77784K, reserved 1116160K
  class space    used 10112K, capacity 10722K, committed 10752K, reserved 1048576K
}
Event: 30.667 GC heap before
{Heap before GC invocations=17 (full 3):
 PSYoungGen      total 244224K, used 244210K [0x00000000e0000000, 0x00000000f3780000, 0x0000000100000000)
  eden space 223744K, 100% used [0x00000000e0000000,0x00000000eda80000,0x00000000eda80000)
  from space 20480K, 99% used [0x00000000eda80000,0x00000000eee7cb40,0x00000000eee80000)
  to   space 26624K, 0% used [0x00000000f1d80000,0x00000000f1d80000,0x00000000f3780000)
 ParOldGen       total 166400K, used 37819K [0x00000000a0000000, 0x00000000aa280000, 0x00000000e0000000)
  object space 166400K, 22% used [0x00000000a0000000,0x00000000a24eef08,0x00000000aa280000)
 Metaspace       used 77149K, capacity 80576K, committed 80728K, reserved 1118208K
  class space    used 10433K, capacity 11097K, committed 11136K, reserved 1048576K
Event: 30.696 GC heap after
Heap after GC invocations=17 (full 3):
 PSYoungGen      total 288768K, used 25401K [0x00000000e0000000, 0x00000000f4c80000, 0x0000000100000000)
  eden space 262144K, 0% used [0x00000000e0000000,0x00000000e0000000,0x00000000f0000000)
  from space 26624K, 95% used [0x00000000f1d80000,0x00000000f364e710,0x00000000f3780000)
  to   space 30208K, 0% used [0x00000000f0000000,0x00000000f0000000,0x00000000f1d80000)
 ParOldGen       total 166400K, used 44363K [0x00000000a0000000, 0x00000000aa280000, 0x00000000e0000000)
  object space 166400K, 26% used [0x00000000a0000000,0x00000000a2b52ca8,0x00000000aa280000)
 Metaspace       used 77149K, capacity 80576K, committed 80728K, reserved 1118208K
  class space    used 10433K, capacity 11097K, committed 11136K, reserved 1048576K
}
Event: 49.498 GC heap before
{Heap before GC invocations=18 (full 3):
 PSYoungGen      total 288768K, used 287545K [0x00000000e0000000, 0x00000000f4c80000, 0x0000000100000000)
  eden space 262144K, 100% used [0x00000000e0000000,0x00000000f0000000,0x00000000f0000000)
  from space 26624K, 95% used [0x00000000f1d80000,0x00000000f364e710,0x00000000f3780000)
  to   space 30208K, 0% used [0x00000000f0000000,0x00000000f0000000,0x00000000f1d80000)
 ParOldGen       total 166400K, used 44363K [0x00000000a0000000, 0x00000000aa280000, 0x00000000e0000000)
  object space 166400K, 26% used [0x00000000a0000000,0x00000000a2b52ca8,0x00000000aa280000)
 Metaspace       used 83437K, capacity 87418K, committed 87640K, reserved 1124352K
  class space    used 11036K, capacity 11812K, committed 11904K, reserved 1048576K
Event: 49.515 GC heap after
Heap after GC invocations=18 (full 3):
 PSYoungGen      total 292352K, used 9188K [0x00000000e0000000, 0x00000000f6f00000, 0x0000000100000000)
  eden space 262144K, 0% used [0x00000000e0000000,0x00000000e0000000,0x00000000f0000000)
  from space 30208K, 30% used [0x00000000f0000000,0x00000000f08f92c8,0x00000000f1d80000)
  to   space 29184K, 0% used [0x00000000f5280000,0x00000000f5280000,0x00000000f6f00000)
 ParOldGen       total 166400K, used 44371K [0x00000000a0000000, 0x00000000aa280000, 0x00000000e0000000)
  object space 166400K, 26% used [0x00000000a0000000,0x00000000a2b54ca8,0x00000000aa280000)
 Metaspace       used 83437K, capacity 87418K, committed 87640K, reserved 1124352K
  class space    used 11036K, capacity 11812K, committed 11904K, reserved 1048576K
}
Event: 57.162 GC heap before
{Heap before GC invocations=19 (full 3):
 PSYoungGen      total 292352K, used 271332K [0x00000000e0000000, 0x00000000f6f00000, 0x0000000100000000)
  eden space 262144K, 100% used [0x00000000e0000000,0x00000000f0000000,0x00000000f0000000)
  from space 30208K, 30% used [0x00000000f0000000,0x00000000f08f92c8,0x00000000f1d80000)
  to   space 29184K, 0% used [0x00000000f5280000,0x00000000f5280000,0x00000000f6f00000)
 ParOldGen       total 166400K, used 44371K [0x00000000a0000000, 0x00000000aa280000, 0x00000000e0000000)
  object space 166400K, 26% used [0x00000000a0000000,0x00000000a2b54ca8,0x00000000aa280000)
 Metaspace       used 84153K, capacity 88088K, committed 88408K, reserved 1126400K
  class space    used 11043K, capacity 11821K, committed 11904K, reserved 1048576K
Event: 57.191 GC heap after
Heap after GC invocations=19 (full 3):
 PSYoungGen      total 331264K, used 14044K [0x00000000e0000000, 0x00000000f6680000, 0x0000000100000000)
  eden space 310784K, 0% used [0x00000000e0000000,0x00000000e0000000,0x00000000f2f80000)
  from space 20480K, 68% used [0x00000000f5280000,0x00000000f60371f0,0x00000000f6680000)
  to   space 28160K, 0% used [0x00000000f2f80000,0x00000000f2f80000,0x00000000f4b00000)
 ParOldGen       total 166400K, used 44379K [0x00000000a0000000, 0x00000000aa280000, 0x00000000e0000000)
  object space 166400K, 26% used [0x00000000a0000000,0x00000000a2b56ca8,0x00000000aa280000)
 Metaspace       used 84153K, capacity 88088K, committed 88408K, reserved 1126400K
  class space    used 11043K, capacity 11821K, committed 11904K, reserved 1048576K
}
Event: 60.501 GC heap before
{Heap before GC invocations=20 (full 3):
 PSYoungGen      total 331264K, used 324828K [0x00000000e0000000, 0x00000000f6680000, 0x0000000100000000)
  eden space 310784K, 100% used [0x00000000e0000000,0x00000000f2f80000,0x00000000f2f80000)
  from space 20480K, 68% used [0x00000000f5280000,0x00000000f60371f0,0x00000000f6680000)
  to   space 28160K, 0% used [0x00000000f2f80000,0x00000000f2f80000,0x00000000f4b00000)
 ParOldGen       total 166400K, used 44379K [0x00000000a0000000, 0x00000000aa280000, 0x00000000e0000000)
  object space 166400K, 26% used [0x00000000a0000000,0x00000000a2b56ca8,0x00000000aa280000)
 Metaspace       used 85083K, capacity 89084K, committed 89304K, reserved 1126400K
  class space    used 11196K, capacity 11965K, committed 12032K, reserved 1048576K
Event: 60.622 GC heap after
Heap after GC invocations=20 (full 3):
 PSYoungGen      total 338944K, used 9474K [0x00000000e0000000, 0x00000000f6680000, 0x0000000100000000)
  eden space 310784K, 0% used [0x00000000e0000000,0x00000000e0000000,0x00000000f2f80000)
  from space 28160K, 33% used [0x00000000f2f80000,0x00000000f38c0a48,0x00000000f4b00000)
  to   space 20480K, 0% used [0x00000000f5280000,0x00000000f5280000,0x00000000f6680000)
 ParOldGen       total 166400K, used 44387K [0x00000000a0000000, 0x00000000aa280000, 0x00000000e0000000)
  object space 166400K, 26% used [0x00000000a0000000,0x00000000a2b58ca8,0x00000000aa280000)
 Metaspace       used 85083K, capacity 89084K, committed 89304K, reserved 1126400K
  class space    used 11196K, capacity 11965K, committed 12032K, reserved 1048576K
}

