# JRE version: OpenJDK Runtime Environment (8.0_202-b03) (build 1.8.0_202-release-1483-b03)
# Java VM: OpenJDK 64-Bit Server VM (25.202-b03 mixed mode windows-amd64 compressed oops)
Heap:
 PSYoungGen      total 88064K, used 19400K [0x00000000e0000000, 0x00000000e6280000, 0x0000000100000000)
  eden space 76288K, 10% used [0x00000000e0000000,0x00000000e0820600,0x00000000e4a80000)
  from space 11776K, 94% used [0x00000000e4a80000,0x00000000e5551ad0,0x00000000e5600000)
  to   space 12288K, 0% used [0x00000000e5600000,0x00000000e5600000,0x00000000e6200000)
 ParOldGen       total 103424K, used 15098K [0x00000000a0000000, 0x00000000a6500000, 0x00000000e0000000)
  object space 103424K, 14% used [0x00000000a0000000,0x00000000a0ebe9f8,0x00000000a6500000)
 Metaspace       used 42893K, capacity 44172K, committed 44288K, reserved 1087488K
  class space    used 5820K, capacity 6087K, committed 6144K, reserved 1048576K
GC Heap History (10 events):
Event: 4.763 GC heap before
{Heap before GC invocations=7 (full 1):
 PSYoungGen      total 56832K, used 55108K [0x00000000e0000000, 0x00000000e6200000, 0x0000000100000000)
  eden space 49152K, 100% used [0x00000000e0000000,0x00000000e3000000,0x00000000e3000000)
  from space 7680K, 77% used [0x00000000e3000000,0x00000000e35d1240,0x00000000e3780000)
  to   space 12288K, 0% used [0x00000000e5600000,0x00000000e5600000,0x00000000e6200000)
 ParOldGen       total 83968K, used 9671K [0x00000000a0000000, 0x00000000a5200000, 0x00000000e0000000)
  object space 83968K, 11% used [0x00000000a0000000,0x00000000a0971c20,0x00000000a5200000)
 Metaspace       used 30161K, capacity 30726K, committed 30848K, reserved 1075200K
  class space    used 4205K, capacity 4384K, committed 4480K, reserved 1048576K
Event: 4.771 GC heap after
Heap after GC invocations=7 (full 1):
 PSYoungGen      total 88576K, used 7504K [0x00000000e0000000, 0x00000000e6280000, 0x0000000100000000)
  eden space 76288K, 0% used [0x00000000e0000000,0x00000000e0000000,0x00000000e4a80000)
  from space 12288K, 61% used [0x00000000e5600000,0x00000000e5d54248,0x00000000e6200000)
  to   space 11776K, 0% used [0x00000000e4a80000,0x00000000e4a80000,0x00000000e5600000)
 ParOldGen       total 83968K, used 9679K [0x00000000a0000000, 0x00000000a5200000, 0x00000000e0000000)
  object space 83968K, 11% used [0x00000000a0000000,0x00000000a0973c20,0x00000000a5200000)
 Metaspace       used 30161K, capacity 30726K, committed 30848K, reserved 1075200K
  class space    used 4205K, capacity 4384K, committed 4480K, reserved 1048576K
}
Event: 5.664 GC heap before
{Heap before GC invocations=8 (full 1):
 PSYoungGen      total 88576K, used 83792K [0x00000000e0000000, 0x00000000e6280000, 0x0000000100000000)
  eden space 76288K, 100% used [0x00000000e0000000,0x00000000e4a80000,0x00000000e4a80000)
  from space 12288K, 61% used [0x00000000e5600000,0x00000000e5d54248,0x00000000e6200000)
  to   space 11776K, 0% used [0x00000000e4a80000,0x00000000e4a80000,0x00000000e5600000)
 ParOldGen       total 83968K, used 9679K [0x00000000a0000000, 0x00000000a5200000, 0x00000000e0000000)
  object space 83968K, 11% used [0x00000000a0000000,0x00000000a0973c20,0x00000000a5200000)
 Metaspace       used 34492K, capacity 35420K, committed 35456K, reserved 1079296K
  class space    used 4774K, capacity 4960K, committed 4992K, reserved 1048576K
Event: 5.676 GC heap after
Heap after GC invocations=8 (full 1):
 PSYoungGen      total 88064K, used 11415K [0x00000000e0000000, 0x00000000e6280000, 0x0000000100000000)
  eden space 76288K, 0% used [0x00000000e0000000,0x00000000e0000000,0x00000000e4a80000)
  from space 11776K, 96% used [0x00000000e4a80000,0x00000000e55a5f78,0x00000000e5600000)
  to   space 12288K, 0% used [0x00000000e5600000,0x00000000e5600000,0x00000000e6200000)
 ParOldGen       total 83968K, used 9687K [0x00000000a0000000, 0x00000000a5200000, 0x00000000e0000000)
  object space 83968K, 11% used [0x00000000a0000000,0x00000000a0975c20,0x00000000a5200000)
 Metaspace       used 34492K, capacity 35420K, committed 35456K, reserved 1079296K
  class space    used 4774K, capacity 4960K, committed 4992K, reserved 1048576K
}
Event: 5.690 GC heap before
{Heap before GC invocations=9 (full 1):
 PSYoungGen      total 88064K, used 14407K [0x00000000e0000000, 0x00000000e6280000, 0x0000000100000000)
  eden space 76288K, 3% used [0x00000000e0000000,0x00000000e02ebd60,0x00000000e4a80000)
  from space 11776K, 96% used [0x00000000e4a80000,0x00000000e55a5f78,0x00000000e5600000)
  to   space 12288K, 0% used [0x00000000e5600000,0x00000000e5600000,0x00000000e6200000)
 ParOldGen       total 83968K, used 9687K [0x00000000a0000000, 0x00000000a5200000, 0x00000000e0000000)
  object space 83968K, 11% used [0x00000000a0000000,0x00000000a0975c20,0x00000000a5200000)
 Metaspace       used 34537K, capacity 35470K, committed 35496K, reserved 1079296K
  class space    used 4783K, capacity 4969K, committed 4992K, reserved 1048576K
Event: 5.698 GC heap after
Heap after GC invocations=9 (full 1):
 PSYoungGen      total 88576K, used 8064K [0x00000000e0000000, 0x00000000e6280000, 0x0000000100000000)
  eden space 76288K, 0% used [0x00000000e0000000,0x00000000e0000000,0x00000000e4a80000)
  from space 12288K, 65% used [0x00000000e5600000,0x00000000e5de0000,0x00000000e6200000)
  to   space 11776K, 0% used [0x00000000e4a80000,0x00000000e4a80000,0x00000000e5600000)
 ParOldGen       total 83968K, used 9687K [0x00000000a0000000, 0x00000000a5200000, 0x00000000e0000000)
  object space 83968K, 11% used [0x00000000a0000000,0x00000000a0975c20,0x00000000a5200000)
 Metaspace       used 34537K, capacity 35470K, committed 35496K, reserved 1079296K
  class space    used 4783K, capacity 4969K, committed 4992K, reserved 1048576K
}
Event: 5.698 GC heap before
{Heap before GC invocations=10 (full 2):
 PSYoungGen      total 88576K, used 8064K [0x00000000e0000000, 0x00000000e6280000, 0x0000000100000000)
  eden space 76288K, 0% used [0x00000000e0000000,0x00000000e0000000,0x00000000e4a80000)
  from space 12288K, 65% used [0x00000000e5600000,0x00000000e5de0000,0x00000000e6200000)
  to   space 11776K, 0% used [0x00000000e4a80000,0x00000000e4a80000,0x00000000e5600000)
 ParOldGen       total 83968K, used 9687K [0x00000000a0000000, 0x00000000a5200000, 0x00000000e0000000)
  object space 83968K, 11% used [0x00000000a0000000,0x00000000a0975c20,0x00000000a5200000)
 Metaspace       used 34537K, capacity 35470K, committed 35496K, reserved 1079296K
  class space    used 4783K, capacity 4969K, committed 4992K, reserved 1048576K
Event: 5.779 GC heap after
Heap after GC invocations=10 (full 2):
 PSYoungGen      total 88576K, used 0K [0x00000000e0000000, 0x00000000e6280000, 0x0000000100000000)
  eden space 76288K, 0% used [0x00000000e0000000,0x00000000e0000000,0x00000000e4a80000)
  from space 12288K, 0% used [0x00000000e5600000,0x00000000e5600000,0x00000000e6200000)
  to   space 11776K, 0% used [0x00000000e4a80000,0x00000000e4a80000,0x00000000e5600000)
 ParOldGen       total 103424K, used 15090K [0x00000000a0000000, 0x00000000a6500000, 0x00000000e0000000)
  object space 103424K, 14% used [0x00000000a0000000,0x00000000a0ebc9f8,0x00000000a6500000)
 Metaspace       used 34528K, capacity 35440K, committed 35496K, reserved 1079296K
  class space    used 4780K, capacity 4964K, committed 4992K, reserved 1048576K
}
Event: 6.808 GC heap before
{Heap before GC invocations=11 (full 2):
 PSYoungGen      total 88576K, used 76288K [0x00000000e0000000, 0x00000000e6280000, 0x0000000100000000)
  eden space 76288K, 100% used [0x00000000e0000000,0x00000000e4a80000,0x00000000e4a80000)
  from space 12288K, 0% used [0x00000000e5600000,0x00000000e5600000,0x00000000e6200000)
  to   space 11776K, 0% used [0x00000000e4a80000,0x00000000e4a80000,0x00000000e5600000)
 ParOldGen       total 103424K, used 15090K [0x00000000a0000000, 0x00000000a6500000, 0x00000000e0000000)
  object space 103424K, 14% used [0x00000000a0000000,0x00000000a0ebc9f8,0x00000000a6500000)
 Metaspace       used 42882K, capacity 44108K, committed 44288K, reserved 1087488K
  class space    used 5820K, capacity 6087K, committed 6144K, reserved 1048576K
Event: 6.816 GC heap after
Heap after GC invocations=11 (full 2):
 PSYoungGen      total 88064K, used 11078K [0x00000000e0000000, 0x00000000e6280000, 0x0000000100000000)
  eden space 76288K, 0% used [0x00000000e0000000,0x00000000e0000000,0x00000000e4a80000)
  from space 11776K, 94% used [0x00000000e4a80000,0x00000000e5551ad0,0x00000000e5600000)
  to   space 12288K, 0% used [0x00000000e5600000,0x00000000e5600000,0x00000000e6200000)
 ParOldGen       total 103424K, used 15098K [0x00000000a0000000, 0x00000000a6500000, 0x00000000e0000000)
  object space 103424K, 14% used [0x00000000a0000000,0x00000000a0ebe9f8,0x00000000a6500000)
 Metaspace       used 42882K, capacity 44108K, committed 44288K, reserved 1087488K
  class space    used 5820K, capacity 6087K, committed 6144K, reserved 1048576K
}

