# JRE version: OpenJDK Runtime Environment (8.0_202-b03) (build 1.8.0_202-release-1483-b03)
# Java VM: OpenJDK 64-Bit Server VM (25.202-b03 mixed mode windows-amd64 compressed oops)
Heap:
 PSYoungGen      total 270848K, used 123871K [0x00000000e0000000, 0x00000000f5780000, 0x0000000100000000)
  eden space 250368K, 45% used [0x00000000e0000000,0x00000000e6f60910,0x00000000ef480000)
  from space 20480K, 47% used [0x00000000f4380000,0x00000000f4d17400,0x00000000f5780000)
  to   space 19456K, 0% used [0x00000000ef480000,0x00000000ef480000,0x00000000f0780000)
 ParOldGen       total 142336K, used 50427K [0x00000000a0000000, 0x00000000a8b00000, 0x00000000e0000000)
  object space 142336K, 35% used [0x00000000a0000000,0x00000000a313efe8,0x00000000a8b00000)
 Metaspace       used 80027K, capacity 83962K, committed 84096K, reserved 1122304K
  class space    used 10612K, capacity 11362K, committed 11392K, reserved 1048576K
GC Heap History (10 events):
Event: 10.558 GC heap before
{Heap before GC invocations=13 (full 2):
 PSYoungGen      total 192000K, used 74609K [0x00000000e0000000, 0x00000000ed180000, 0x0000000100000000)
  eden space 177152K, 33% used [0x00000000e0000000,0x00000000e3a62c00,0x00000000ead00000)
  from space 14848K, 99% used [0x00000000ebf00000,0x00000000ecd79a38,0x00000000ecd80000)
  to   space 18432K, 0% used [0x00000000ead00000,0x00000000ead00000,0x00000000ebf00000)
 ParOldGen       total 100352K, used 23572K [0x00000000a0000000, 0x00000000a6200000, 0x00000000e0000000)
  object space 100352K, 23% used [0x00000000a0000000,0x00000000a17053a0,0x00000000a6200000)
 Metaspace       used 56970K, capacity 59024K, committed 59096K, reserved 1099776K
  class space    used 7791K, capacity 8248K, committed 8320K, reserved 1048576K
Event: 10.581 GC heap after
Heap after GC invocations=13 (full 2):
 PSYoungGen      total 195584K, used 4217K [0x00000000e0000000, 0x00000000f1e00000, 0x0000000100000000)
  eden space 177152K, 0% used [0x00000000e0000000,0x00000000e0000000,0x00000000ead00000)
  from space 18432K, 22% used [0x00000000ead00000,0x00000000eb11e7d8,0x00000000ebf00000)
  to   space 18432K, 0% used [0x00000000f0c00000,0x00000000f0c00000,0x00000000f1e00000)
 ParOldGen       total 100352K, used 36981K [0x00000000a0000000, 0x00000000a6200000, 0x00000000e0000000)
  object space 100352K, 36% used [0x00000000a0000000,0x00000000a241d6b0,0x00000000a6200000)
 Metaspace       used 56970K, capacity 59024K, committed 59096K, reserved 1099776K
  class space    used 7791K, capacity 8248K, committed 8320K, reserved 1048576K
}
Event: 10.581 GC heap before
{Heap before GC invocations=14 (full 3):
 PSYoungGen      total 195584K, used 4217K [0x00000000e0000000, 0x00000000f1e00000, 0x0000000100000000)
  eden space 177152K, 0% used [0x00000000e0000000,0x00000000e0000000,0x00000000ead00000)
  from space 18432K, 22% used [0x00000000ead00000,0x00000000eb11e7d8,0x00000000ebf00000)
  to   space 18432K, 0% used [0x00000000f0c00000,0x00000000f0c00000,0x00000000f1e00000)
 ParOldGen       total 100352K, used 36981K [0x00000000a0000000, 0x00000000a6200000, 0x00000000e0000000)
  object space 100352K, 36% used [0x00000000a0000000,0x00000000a241d6b0,0x00000000a6200000)
 Metaspace       used 56970K, capacity 59024K, committed 59096K, reserved 1099776K
  class space    used 7791K, capacity 8248K, committed 8320K, reserved 1048576K
Event: 10.899 GC heap after
Heap after GC invocations=14 (full 3):
 PSYoungGen      total 195584K, used 0K [0x00000000e0000000, 0x00000000f1e00000, 0x0000000100000000)
  eden space 177152K, 0% used [0x00000000e0000000,0x00000000e0000000,0x00000000ead00000)
  from space 18432K, 0% used [0x00000000ead00000,0x00000000ead00000,0x00000000ebf00000)
  to   space 18432K, 0% used [0x00000000f0c00000,0x00000000f0c00000,0x00000000f1e00000)
 ParOldGen       total 142336K, used 32072K [0x00000000a0000000, 0x00000000a8b00000, 0x00000000e0000000)
  object space 142336K, 22% used [0x00000000a0000000,0x00000000a1f52280,0x00000000a8b00000)
 Metaspace       used 56952K, capacity 58964K, committed 59096K, reserved 1099776K
  class space    used 7786K, capacity 8238K, committed 8320K, reserved 1048576K
}
Event: 13.576 GC heap before
{Heap before GC invocations=15 (full 3):
 PSYoungGen      total 195584K, used 177152K [0x00000000e0000000, 0x00000000f1e00000, 0x0000000100000000)
  eden space 177152K, 100% used [0x00000000e0000000,0x00000000ead00000,0x00000000ead00000)
  from space 18432K, 0% used [0x00000000ead00000,0x00000000ead00000,0x00000000ebf00000)
  to   space 18432K, 0% used [0x00000000f0c00000,0x00000000f0c00000,0x00000000f1e00000)
 ParOldGen       total 142336K, used 32072K [0x00000000a0000000, 0x00000000a8b00000, 0x00000000e0000000)
  object space 142336K, 22% used [0x00000000a0000000,0x00000000a1f52280,0x00000000a8b00000)
 Metaspace       used 64324K, capacity 67104K, committed 67328K, reserved 1107968K
  class space    used 8808K, capacity 9375K, committed 9472K, reserved 1048576K
Event: 13.599 GC heap after
Heap after GC invocations=15 (full 3):
 PSYoungGen      total 253440K, used 14381K [0x00000000e0000000, 0x00000000f1a80000, 0x0000000100000000)
  eden space 238592K, 0% used [0x00000000e0000000,0x00000000e0000000,0x00000000ee900000)
  from space 14848K, 96% used [0x00000000f0c00000,0x00000000f1a0b780,0x00000000f1a80000)
  to   space 19456K, 0% used [0x00000000ef480000,0x00000000ef480000,0x00000000f0780000)
 ParOldGen       total 142336K, used 32080K [0x00000000a0000000, 0x00000000a8b00000, 0x00000000e0000000)
  object space 142336K, 22% used [0x00000000a0000000,0x00000000a1f54280,0x00000000a8b00000)
 Metaspace       used 64324K, capacity 67104K, committed 67328K, reserved 1107968K
  class space    used 8808K, capacity 9375K, committed 9472K, reserved 1048576K
}
Event: 55.298 GC heap before
{Heap before GC invocations=16 (full 3):
 PSYoungGen      total 253440K, used 252973K [0x00000000e0000000, 0x00000000f1a80000, 0x0000000100000000)
  eden space 238592K, 100% used [0x00000000e0000000,0x00000000ee900000,0x00000000ee900000)
  from space 14848K, 96% used [0x00000000f0c00000,0x00000000f1a0b780,0x00000000f1a80000)
  to   space 19456K, 0% used [0x00000000ef480000,0x00000000ef480000,0x00000000f0780000)
 ParOldGen       total 142336K, used 32080K [0x00000000a0000000, 0x00000000a8b00000, 0x00000000e0000000)
  object space 142336K, 22% used [0x00000000a0000000,0x00000000a1f54280,0x00000000a8b00000)
 Metaspace       used 70970K, capacity 74078K, committed 74368K, reserved 1114112K
  class space    used 9399K, capacity 10048K, committed 10112K, reserved 1048576K
Event: 55.344 GC heap after
Heap after GC invocations=16 (full 3):
 PSYoungGen      total 269824K, used 14743K [0x00000000e0000000, 0x00000000f5780000, 0x0000000100000000)
  eden space 250368K, 0% used [0x00000000e0000000,0x00000000e0000000,0x00000000ef480000)
  from space 19456K, 75% used [0x00000000ef480000,0x00000000f02e5d00,0x00000000f0780000)
  to   space 20480K, 0% used [0x00000000f4380000,0x00000000f4380000,0x00000000f5780000)
 ParOldGen       total 142336K, used 40714K [0x00000000a0000000, 0x00000000a8b00000, 0x00000000e0000000)
  object space 142336K, 28% used [0x00000000a0000000,0x00000000a27c2810,0x00000000a8b00000)
 Metaspace       used 70970K, capacity 74078K, committed 74368K, reserved 1114112K
  class space    used 9399K, capacity 10048K, committed 10112K, reserved 1048576K
}
Event: 59.700 GC heap before
{Heap before GC invocations=17 (full 3):
 PSYoungGen      total 269824K, used 264899K [0x00000000e0000000, 0x00000000f5780000, 0x0000000100000000)
  eden space 250368K, 99% used [0x00000000e0000000,0x00000000ef44af50,0x00000000ef480000)
  from space 19456K, 75% used [0x00000000ef480000,0x00000000f02e5d00,0x00000000f0780000)
  to   space 20480K, 0% used [0x00000000f4380000,0x00000000f4380000,0x00000000f5780000)
 ParOldGen       total 142336K, used 40714K [0x00000000a0000000, 0x00000000a8b00000, 0x00000000e0000000)
  object space 142336K, 28% used [0x00000000a0000000,0x00000000a27c2810,0x00000000a8b00000)
 Metaspace       used 78933K, capacity 82746K, committed 82944K, reserved 1120256K
  class space    used 10443K, capacity 11192K, committed 11264K, reserved 1048576K
Event: 59.724 GC heap after
Heap after GC invocations=17 (full 3):
 PSYoungGen      total 270848K, used 9821K [0x00000000e0000000, 0x00000000f5780000, 0x0000000100000000)
  eden space 250368K, 0% used [0x00000000e0000000,0x00000000e0000000,0x00000000ef480000)
  from space 20480K, 47% used [0x00000000f4380000,0x00000000f4d17400,0x00000000f5780000)
  to   space 19456K, 0% used [0x00000000ef480000,0x00000000ef480000,0x00000000f0780000)
 ParOldGen       total 142336K, used 50427K [0x00000000a0000000, 0x00000000a8b00000, 0x00000000e0000000)
  object space 142336K, 35% used [0x00000000a0000000,0x00000000a313efe8,0x00000000a8b00000)
 Metaspace       used 78933K, capacity 82746K, committed 82944K, reserved 1120256K
  class space    used 10443K, capacity 11192K, committed 11264K, reserved 1048576K
}

