# JRE version: OpenJDK Runtime Environment (8.0_202-b03) (build 1.8.0_202-release-1483-b03)
# Java VM: OpenJDK 64-Bit Server VM (25.202-b03 mixed mode windows-amd64 compressed oops)
Heap:
 PSYoungGen      total 141312K, used 21737K [0x00000000e0000000, 0x00000000eb380000, 0x0000000100000000)
  eden space 120832K, 10% used [0x00000000e0000000,0x00000000e0bffeb0,0x00000000e7600000)
  from space 20480K, 46% used [0x00000000e7600000,0x00000000e7f3a640,0x00000000e8a00000)
  to   space 19456K, 0% used [0x00000000ea080000,0x00000000ea080000,0x00000000eb380000)
 ParOldGen       total 154112K, used 31270K [0x00000000a0000000, 0x00000000a9680000, 0x00000000e0000000)
  object space 154112K, 20% used [0x00000000a0000000,0x00000000a1e89938,0x00000000a9680000)
 Metaspace       used 62532K, capacity 64936K, committed 65152K, reserved 1105920K
  class space    used 8554K, capacity 9043K, committed 9088K, reserved 1048576K
GC Heap History (10 events):
Event: 11.006 GC heap before
{Heap before GC invocations=12 (full 2):
 PSYoungGen      total 97280K, used 96439K [0x00000000e0000000, 0x00000000e7e80000, 0x0000000100000000)
  eden space 84992K, 100% used [0x00000000e0000000,0x00000000e5300000,0x00000000e5300000)
  from space 12288K, 93% used [0x00000000e5300000,0x00000000e5e2dd58,0x00000000e5f00000)
  to   space 13312K, 0% used [0x00000000e7180000,0x00000000e7180000,0x00000000e7e80000)
 ParOldGen       total 154112K, used 15636K [0x00000000a0000000, 0x00000000a9680000, 0x00000000e0000000)
  object space 154112K, 10% used [0x00000000a0000000,0x00000000a0f45198,0x00000000a9680000)
 Metaspace       used 49833K, capacity 51526K, committed 51712K, reserved 1093632K
  class space    used 6736K, capacity 7107K, committed 7168K, reserved 1048576K
Event: 11.020 GC heap after
Heap after GC invocations=12 (full 2):
 PSYoungGen      total 114176K, used 13287K [0x00000000e0000000, 0x00000000e8180000, 0x0000000100000000)
  eden space 100864K, 0% used [0x00000000e0000000,0x00000000e0000000,0x00000000e6280000)
  from space 13312K, 99% used [0x00000000e7180000,0x00000000e7e79cc0,0x00000000e7e80000)
  to   space 15360K, 0% used [0x00000000e6280000,0x00000000e6280000,0x00000000e7180000)
 ParOldGen       total 154112K, used 18246K [0x00000000a0000000, 0x00000000a9680000, 0x00000000e0000000)
  object space 154112K, 11% used [0x00000000a0000000,0x00000000a11d1928,0x00000000a9680000)
 Metaspace       used 49833K, capacity 51526K, committed 51712K, reserved 1093632K
  class space    used 6736K, capacity 7107K, committed 7168K, reserved 1048576K
}
Event: 12.863 GC heap before
{Heap before GC invocations=13 (full 2):
 PSYoungGen      total 114176K, used 114151K [0x00000000e0000000, 0x00000000e8180000, 0x0000000100000000)
  eden space 100864K, 100% used [0x00000000e0000000,0x00000000e6280000,0x00000000e6280000)
  from space 13312K, 99% used [0x00000000e7180000,0x00000000e7e79cc0,0x00000000e7e80000)
  to   space 15360K, 0% used [0x00000000e6280000,0x00000000e6280000,0x00000000e7180000)
 ParOldGen       total 154112K, used 18246K [0x00000000a0000000, 0x00000000a9680000, 0x00000000e0000000)
  object space 154112K, 11% used [0x00000000a0000000,0x00000000a11d1928,0x00000000a9680000)
 Metaspace       used 56287K, capacity 58378K, committed 58624K, reserved 1099776K
  class space    used 7705K, capacity 8138K, committed 8192K, reserved 1048576K
Event: 12.891 GC heap after
Heap after GC invocations=13 (full 2):
 PSYoungGen      total 116224K, used 15356K [0x00000000e0000000, 0x00000000e9c80000, 0x0000000100000000)
  eden space 100864K, 0% used [0x00000000e0000000,0x00000000e0000000,0x00000000e6280000)
  from space 15360K, 99% used [0x00000000e6280000,0x00000000e717f310,0x00000000e7180000)
  to   space 18944K, 0% used [0x00000000e8a00000,0x00000000e8a00000,0x00000000e9c80000)
 ParOldGen       total 154112K, used 22382K [0x00000000a0000000, 0x00000000a9680000, 0x00000000e0000000)
  object space 154112K, 14% used [0x00000000a0000000,0x00000000a15dba30,0x00000000a9680000)
 Metaspace       used 56287K, capacity 58378K, committed 58624K, reserved 1099776K
  class space    used 7705K, capacity 8138K, committed 8192K, reserved 1048576K
}
Event: 13.405 GC heap before
{Heap before GC invocations=14 (full 2):
 PSYoungGen      total 116224K, used 36422K [0x00000000e0000000, 0x00000000e9c80000, 0x0000000100000000)
  eden space 100864K, 20% used [0x00000000e0000000,0x00000000e14928d8,0x00000000e6280000)
  from space 15360K, 99% used [0x00000000e6280000,0x00000000e717f310,0x00000000e7180000)
  to   space 18944K, 0% used [0x00000000e8a00000,0x00000000e8a00000,0x00000000e9c80000)
 ParOldGen       total 154112K, used 22382K [0x00000000a0000000, 0x00000000a9680000, 0x00000000e0000000)
  object space 154112K, 14% used [0x00000000a0000000,0x00000000a15dba30,0x00000000a9680000)
 Metaspace       used 56959K, capacity 58934K, committed 59096K, reserved 1099776K
  class space    used 7787K, capacity 8216K, committed 8320K, reserved 1048576K
Event: 13.426 GC heap after
Heap after GC invocations=14 (full 2):
 PSYoungGen      total 139776K, used 16673K [0x00000000e0000000, 0x00000000ea600000, 0x0000000100000000)
  eden space 120832K, 0% used [0x00000000e0000000,0x00000000e0000000,0x00000000e7600000)
  from space 18944K, 88% used [0x00000000e8a00000,0x00000000e9a48638,0x00000000e9c80000)
  to   space 20480K, 0% used [0x00000000e7600000,0x00000000e7600000,0x00000000e8a00000)
 ParOldGen       total 154112K, used 22390K [0x00000000a0000000, 0x00000000a9680000, 0x00000000e0000000)
  object space 154112K, 14% used [0x00000000a0000000,0x00000000a15dda30,0x00000000a9680000)
 Metaspace       used 56959K, capacity 58934K, committed 59096K, reserved 1099776K
  class space    used 7787K, capacity 8216K, committed 8320K, reserved 1048576K
}
Event: 13.426 GC heap before
{Heap before GC invocations=15 (full 3):
 PSYoungGen      total 139776K, used 16673K [0x00000000e0000000, 0x00000000ea600000, 0x0000000100000000)
  eden space 120832K, 0% used [0x00000000e0000000,0x00000000e0000000,0x00000000e7600000)
  from space 18944K, 88% used [0x00000000e8a00000,0x00000000e9a48638,0x00000000e9c80000)
  to   space 20480K, 0% used [0x00000000e7600000,0x00000000e7600000,0x00000000e8a00000)
 ParOldGen       total 154112K, used 22390K [0x00000000a0000000, 0x00000000a9680000, 0x00000000e0000000)
  object space 154112K, 14% used [0x00000000a0000000,0x00000000a15dda30,0x00000000a9680000)
 Metaspace       used 56959K, capacity 58934K, committed 59096K, reserved 1099776K
  class space    used 7787K, capacity 8216K, committed 8320K, reserved 1048576K
Event: 13.722 GC heap after
Heap after GC invocations=15 (full 3):
 PSYoungGen      total 139776K, used 0K [0x00000000e0000000, 0x00000000ea600000, 0x0000000100000000)
  eden space 120832K, 0% used [0x00000000e0000000,0x00000000e0000000,0x00000000e7600000)
  from space 18944K, 0% used [0x00000000e8a00000,0x00000000e8a00000,0x00000000e9c80000)
  to   space 20480K, 0% used [0x00000000e7600000,0x00000000e7600000,0x00000000e8a00000)
 ParOldGen       total 154112K, used 31262K [0x00000000a0000000, 0x00000000a9680000, 0x00000000e0000000)
  object space 154112K, 20% used [0x00000000a0000000,0x00000000a1e87938,0x00000000a9680000)
 Metaspace       used 56936K, capacity 58856K, committed 59096K, reserved 1099776K
  class space    used 7779K, capacity 8203K, committed 8320K, reserved 1048576K
}
Event: 17.010 GC heap before
{Heap before GC invocations=16 (full 3):
 PSYoungGen      total 139776K, used 120832K [0x00000000e0000000, 0x00000000ea600000, 0x0000000100000000)
  eden space 120832K, 100% used [0x00000000e0000000,0x00000000e7600000,0x00000000e7600000)
  from space 18944K, 0% used [0x00000000e8a00000,0x00000000e8a00000,0x00000000e9c80000)
  to   space 20480K, 0% used [0x00000000e7600000,0x00000000e7600000,0x00000000e8a00000)
 ParOldGen       total 154112K, used 31262K [0x00000000a0000000, 0x00000000a9680000, 0x00000000e0000000)
  object space 154112K, 20% used [0x00000000a0000000,0x00000000a1e87938,0x00000000a9680000)
 Metaspace       used 62169K, capacity 64562K, committed 64640K, reserved 1105920K
  class space    used 8518K, capacity 9024K, committed 9088K, reserved 1048576K
Event: 17.024 GC heap after
Heap after GC invocations=16 (full 3):
 PSYoungGen      total 141312K, used 9449K [0x00000000e0000000, 0x00000000eb380000, 0x0000000100000000)
  eden space 120832K, 0% used [0x00000000e0000000,0x00000000e0000000,0x00000000e7600000)
  from space 20480K, 46% used [0x00000000e7600000,0x00000000e7f3a640,0x00000000e8a00000)
  to   space 19456K, 0% used [0x00000000ea080000,0x00000000ea080000,0x00000000eb380000)
 ParOldGen       total 154112K, used 31270K [0x00000000a0000000, 0x00000000a9680000, 0x00000000e0000000)
  object space 154112K, 20% used [0x00000000a0000000,0x00000000a1e89938,0x00000000a9680000)
 Metaspace       used 62169K, capacity 64562K, committed 64640K, reserved 1105920K
  class space    used 8518K, capacity 9024K, committed 9088K, reserved 1048576K
}

