# JRE version: OpenJDK Runtime Environment (8.0_202-b03) (build 1.8.0_202-release-1483-b03)
# Java VM: OpenJDK 64-Bit Server VM (25.202-b03 mixed mode windows-amd64 compressed oops)
Heap:
 PSYoungGen      total 455680K, used 282795K [0x00000000e0000000, 0x00000000fe880000, 0x0000000100000000)
  eden space 421888K, 65% used [0x00000000e0000000,0x00000000f0ca2ca8,0x00000000f9c00000)
  from space 33792K, 22% used [0x00000000fbf00000,0x00000000fc688020,0x00000000fe000000)
  to   space 35840K, 0% used [0x00000000f9c00000,0x00000000f9c00000,0x00000000fbf00000)
 ParOldGen       total 168448K, used 129579K [0x00000000a0000000, 0x00000000aa480000, 0x00000000e0000000)
  object space 168448K, 76% used [0x00000000a0000000,0x00000000a7e8aeb0,0x00000000aa480000)
 Metaspace       used 79966K, capacity 84461K, committed 84736K, reserved 1122304K
  class space    used 10649K, capacity 11468K, committed 11520K, reserved 1048576K
GC Heap History (10 events):
Event: 30.300 GC heap before
{Heap before GC invocations=21 (full 3):
 PSYoungGen      total 327680K, used 306931K [0x00000000e0000000, 0x00000000f9900000, 0x0000000100000000)
  eden space 291328K, 100% used [0x00000000e0000000,0x00000000f1c80000,0x00000000f1c80000)
  from space 36352K, 42% used [0x00000000f1c80000,0x00000000f2bbcfe8,0x00000000f4000000)
  to   space 34816K, 0% used [0x00000000f7700000,0x00000000f7700000,0x00000000f9900000)
 ParOldGen       total 168448K, used 89136K [0x00000000a0000000, 0x00000000aa480000, 0x00000000e0000000)
  object space 168448K, 52% used [0x00000000a0000000,0x00000000a570c360,0x00000000aa480000)
 Metaspace       used 79338K, capacity 83849K, committed 83968K, reserved 1122304K
  class space    used 10587K, capacity 11434K, committed 11520K, reserved 1048576K
Event: 30.333 GC heap after
Heap after GC invocations=21 (full 3):
 PSYoungGen      total 385024K, used 15292K [0x00000000e0000000, 0x00000000f9880000, 0x0000000100000000)
  eden space 350720K, 0% used [0x00000000e0000000,0x00000000e0000000,0x00000000f5680000)
  from space 34304K, 44% used [0x00000000f7700000,0x00000000f85ef0a8,0x00000000f9880000)
  to   space 33280K, 0% used [0x00000000f5680000,0x00000000f5680000,0x00000000f7700000)
 ParOldGen       total 168448K, used 92756K [0x00000000a0000000, 0x00000000aa480000, 0x00000000e0000000)
  object space 168448K, 55% used [0x00000000a0000000,0x00000000a5a953a0,0x00000000aa480000)
 Metaspace       used 79338K, capacity 83849K, committed 83968K, reserved 1122304K
  class space    used 10587K, capacity 11434K, committed 11520K, reserved 1048576K
}
Event: 31.106 GC heap before
{Heap before GC invocations=22 (full 3):
 PSYoungGen      total 385024K, used 366012K [0x00000000e0000000, 0x00000000f9880000, 0x0000000100000000)
  eden space 350720K, 100% used [0x00000000e0000000,0x00000000f5680000,0x00000000f5680000)
  from space 34304K, 44% used [0x00000000f7700000,0x00000000f85ef0a8,0x00000000f9880000)
  to   space 33280K, 0% used [0x00000000f5680000,0x00000000f5680000,0x00000000f7700000)
 ParOldGen       total 168448K, used 92756K [0x00000000a0000000, 0x00000000aa480000, 0x00000000e0000000)
  object space 168448K, 55% used [0x00000000a0000000,0x00000000a5a953a0,0x00000000aa480000)
 Metaspace       used 79494K, capacity 84081K, committed 84224K, reserved 1122304K
  class space    used 10601K, capacity 11444K, committed 11520K, reserved 1048576K
Event: 31.138 GC heap after
Heap after GC invocations=22 (full 3):
 PSYoungGen      total 384000K, used 21377K [0x00000000e0000000, 0x00000000fe000000, 0x0000000100000000)
  eden space 350720K, 0% used [0x00000000e0000000,0x00000000e0000000,0x00000000f5680000)
  from space 33280K, 64% used [0x00000000f5680000,0x00000000f6b60500,0x00000000f7700000)
  to   space 33792K, 0% used [0x00000000fbf00000,0x00000000fbf00000,0x00000000fe000000)
 ParOldGen       total 168448K, used 97030K [0x00000000a0000000, 0x00000000aa480000, 0x00000000e0000000)
  object space 168448K, 57% used [0x00000000a0000000,0x00000000a5ec1a50,0x00000000aa480000)
 Metaspace       used 79494K, capacity 84081K, committed 84224K, reserved 1122304K
  class space    used 10601K, capacity 11444K, committed 11520K, reserved 1048576K
}
Event: 31.704 GC heap before
{Heap before GC invocations=23 (full 3):
 PSYoungGen      total 384000K, used 372097K [0x00000000e0000000, 0x00000000fe000000, 0x0000000100000000)
  eden space 350720K, 100% used [0x00000000e0000000,0x00000000f5680000,0x00000000f5680000)
  from space 33280K, 64% used [0x00000000f5680000,0x00000000f6b60500,0x00000000f7700000)
  to   space 33792K, 0% used [0x00000000fbf00000,0x00000000fbf00000,0x00000000fe000000)
 ParOldGen       total 168448K, used 97030K [0x00000000a0000000, 0x00000000aa480000, 0x00000000e0000000)
  object space 168448K, 57% used [0x00000000a0000000,0x00000000a5ec1a50,0x00000000aa480000)
 Metaspace       used 79623K, capacity 84153K, committed 84480K, reserved 1122304K
  class space    used 10610K, capacity 11446K, committed 11520K, reserved 1048576K
Event: 31.739 GC heap after
Heap after GC invocations=23 (full 3):
 PSYoungGen      total 455680K, used 25027K [0x00000000e0000000, 0x00000000fe880000, 0x0000000100000000)
  eden space 421888K, 0% used [0x00000000e0000000,0x00000000e0000000,0x00000000f9c00000)
  from space 33792K, 74% used [0x00000000fbf00000,0x00000000fd770db8,0x00000000fe000000)
  to   space 35840K, 0% used [0x00000000f9c00000,0x00000000f9c00000,0x00000000fbf00000)
 ParOldGen       total 168448K, used 102206K [0x00000000a0000000, 0x00000000aa480000, 0x00000000e0000000)
  object space 168448K, 60% used [0x00000000a0000000,0x00000000a63cfa60,0x00000000aa480000)
 Metaspace       used 79623K, capacity 84153K, committed 84480K, reserved 1122304K
  class space    used 10610K, capacity 11446K, committed 11520K, reserved 1048576K
}
Event: 32.703 GC heap before
{Heap before GC invocations=24 (full 3):
 PSYoungGen      total 455680K, used 446915K [0x00000000e0000000, 0x00000000fe880000, 0x0000000100000000)
  eden space 421888K, 100% used [0x00000000e0000000,0x00000000f9c00000,0x00000000f9c00000)
  from space 33792K, 74% used [0x00000000fbf00000,0x00000000fd770db8,0x00000000fe000000)
  to   space 35840K, 0% used [0x00000000f9c00000,0x00000000f9c00000,0x00000000fbf00000)
 ParOldGen       total 168448K, used 102206K [0x00000000a0000000, 0x00000000aa480000, 0x00000000e0000000)
  object space 168448K, 60% used [0x00000000a0000000,0x00000000a63cfa60,0x00000000aa480000)
 Metaspace       used 79728K, capacity 84297K, committed 84480K, reserved 1122304K
  class space    used 10614K, capacity 11448K, committed 11520K, reserved 1048576K
Event: 32.748 GC heap after
Heap after GC invocations=24 (full 3):
 PSYoungGen      total 457728K, used 15515K [0x00000000e0000000, 0x00000000fe880000, 0x0000000100000000)
  eden space 421888K, 0% used [0x00000000e0000000,0x00000000e0000000,0x00000000f9c00000)
  from space 35840K, 43% used [0x00000000f9c00000,0x00000000fab26e28,0x00000000fbf00000)
  to   space 33792K, 0% used [0x00000000fbf00000,0x00000000fbf00000,0x00000000fe000000)
 ParOldGen       total 168448K, used 114866K [0x00000000a0000000, 0x00000000aa480000, 0x00000000e0000000)
  object space 168448K, 68% used [0x00000000a0000000,0x00000000a702cad8,0x00000000aa480000)
 Metaspace       used 79728K, capacity 84297K, committed 84480K, reserved 1122304K
  class space    used 10614K, capacity 11448K, committed 11520K, reserved 1048576K
}
Event: 34.587 GC heap before
{Heap before GC invocations=25 (full 3):
 PSYoungGen      total 457728K, used 437403K [0x00000000e0000000, 0x00000000fe880000, 0x0000000100000000)
  eden space 421888K, 100% used [0x00000000e0000000,0x00000000f9c00000,0x00000000f9c00000)
  from space 35840K, 43% used [0x00000000f9c00000,0x00000000fab26e28,0x00000000fbf00000)
  to   space 33792K, 0% used [0x00000000fbf00000,0x00000000fbf00000,0x00000000fe000000)
 ParOldGen       total 168448K, used 114866K [0x00000000a0000000, 0x00000000aa480000, 0x00000000e0000000)
  object space 168448K, 68% used [0x00000000a0000000,0x00000000a702cad8,0x00000000aa480000)
 Metaspace       used 79767K, capacity 84305K, committed 84480K, reserved 1122304K
  class space    used 10615K, capacity 11450K, committed 11520K, reserved 1048576K
Event: 34.628 GC heap after
Heap after GC invocations=25 (full 3):
 PSYoungGen      total 455680K, used 7712K [0x00000000e0000000, 0x00000000fe880000, 0x0000000100000000)
  eden space 421888K, 0% used [0x00000000e0000000,0x00000000e0000000,0x00000000f9c00000)
  from space 33792K, 22% used [0x00000000fbf00000,0x00000000fc688020,0x00000000fe000000)
  to   space 35840K, 0% used [0x00000000f9c00000,0x00000000f9c00000,0x00000000fbf00000)
 ParOldGen       total 168448K, used 129579K [0x00000000a0000000, 0x00000000aa480000, 0x00000000e0000000)
  object space 168448K, 76% used [0x00000000a0000000,0x00000000a7e8aeb0,0x00000000aa480000)
 Metaspace       used 79767K, capacity 84305K, committed 84480K, reserved 1122304K
  class space    used 10615K, capacity 11450K, committed 11520K, reserved 1048576K
}

