# JRE version: OpenJDK Runtime Environment (8.0_202-b03) (build 1.8.0_202-release-1483-b03)
# Java VM: OpenJDK 64-Bit Server VM (25.202-b03 mixed mode windows-amd64 compressed oops)
Heap:
 PSYoungGen      total 418816K, used 325103K [0x00000000e0000000, 0x00000000fe580000, 0x0000000100000000)
  eden space 376832K, 75% used [0x00000000e0000000,0x00000000f14e0c40,0x00000000f7000000)
  from space 41984K, 99% used [0x00000000fa400000,0x00000000fccf9720,0x00000000fcd00000)
  to   space 53248K, 0% used [0x00000000f7000000,0x00000000f7000000,0x00000000fa400000)
 ParOldGen       total 175104K, used 78274K [0x00000000a0000000, 0x00000000aab00000, 0x00000000e0000000)
  object space 175104K, 44% used [0x00000000a0000000,0x00000000a4c70840,0x00000000aab00000)
 Metaspace       used 74536K, capacity 78156K, committed 78360K, reserved 1118208K
  class space    used 9835K, capacity 10503K, committed 10536K, reserved 1048576K
GC Heap History (10 events):
Event: 16.013 GC heap before
{Heap before GC invocations=19 (full 3):
 PSYoungGen      total 251392K, used 245110K [0x00000000e0000000, 0x00000000f4b00000, 0x0000000100000000)
  eden space 220672K, 100% used [0x00000000e0000000,0x00000000ed780000,0x00000000ed780000)
  from space 30720K, 79% used [0x00000000ed780000,0x00000000eef5d8e0,0x00000000ef580000)
  to   space 32768K, 0% used [0x00000000f2b00000,0x00000000f2b00000,0x00000000f4b00000)
 ParOldGen       total 175104K, used 50534K [0x00000000a0000000, 0x00000000aab00000, 0x00000000e0000000)
  object space 175104K, 28% used [0x00000000a0000000,0x00000000a3159970,0x00000000aab00000)
 Metaspace       used 69904K, capacity 73248K, committed 73368K, reserved 1112064K
  class space    used 9482K, capacity 10139K, committed 10152K, reserved 1048576K
Event: 16.037 GC heap after
Heap after GC invocations=19 (full 3):
 PSYoungGen      total 304128K, used 24915K [0x00000000e0000000, 0x00000000f5080000, 0x0000000100000000)
  eden space 271360K, 0% used [0x00000000e0000000,0x00000000e0000000,0x00000000f0900000)
  from space 32768K, 76% used [0x00000000f2b00000,0x00000000f4354c28,0x00000000f4b00000)
  to   space 34816K, 0% used [0x00000000f0900000,0x00000000f0900000,0x00000000f2b00000)
 ParOldGen       total 175104K, used 50542K [0x00000000a0000000, 0x00000000aab00000, 0x00000000e0000000)
  object space 175104K, 28% used [0x00000000a0000000,0x00000000a315b970,0x00000000aab00000)
 Metaspace       used 69904K, capacity 73248K, committed 73368K, reserved 1112064K
  class space    used 9482K, capacity 10139K, committed 10152K, reserved 1048576K
}
Event: 16.798 GC heap before
{Heap before GC invocations=20 (full 3):
 PSYoungGen      total 304128K, used 296275K [0x00000000e0000000, 0x00000000f5080000, 0x0000000100000000)
  eden space 271360K, 100% used [0x00000000e0000000,0x00000000f0900000,0x00000000f0900000)
  from space 32768K, 76% used [0x00000000f2b00000,0x00000000f4354c28,0x00000000f4b00000)
  to   space 34816K, 0% used [0x00000000f0900000,0x00000000f0900000,0x00000000f2b00000)
 ParOldGen       total 175104K, used 50542K [0x00000000a0000000, 0x00000000aab00000, 0x00000000e0000000)
  object space 175104K, 28% used [0x00000000a0000000,0x00000000a315b970,0x00000000aab00000)
 Metaspace       used 70589K, capacity 74064K, committed 74264K, reserved 1114112K
  class space    used 9577K, capacity 10251K, committed 10280K, reserved 1048576K
Event: 16.835 GC heap after
Heap after GC invocations=20 (full 3):
 PSYoungGen      total 306176K, used 34808K [0x00000000e0000000, 0x00000000f8800000, 0x0000000100000000)
  eden space 271360K, 0% used [0x00000000e0000000,0x00000000e0000000,0x00000000f0900000)
  from space 34816K, 99% used [0x00000000f0900000,0x00000000f2afe118,0x00000000f2b00000)
  to   space 39936K, 0% used [0x00000000f6100000,0x00000000f6100000,0x00000000f8800000)
 ParOldGen       total 175104K, used 50550K [0x00000000a0000000, 0x00000000aab00000, 0x00000000e0000000)
  object space 175104K, 28% used [0x00000000a0000000,0x00000000a315d970,0x00000000aab00000)
 Metaspace       used 70589K, capacity 74064K, committed 74264K, reserved 1114112K
  class space    used 9577K, capacity 10251K, committed 10280K, reserved 1048576K
}
Event: 17.385 GC heap before
{Heap before GC invocations=21 (full 3):
 PSYoungGen      total 306176K, used 306168K [0x00000000e0000000, 0x00000000f8800000, 0x0000000100000000)
  eden space 271360K, 100% used [0x00000000e0000000,0x00000000f0900000,0x00000000f0900000)
  from space 34816K, 99% used [0x00000000f0900000,0x00000000f2afe118,0x00000000f2b00000)
  to   space 39936K, 0% used [0x00000000f6100000,0x00000000f6100000,0x00000000f8800000)
 ParOldGen       total 175104K, used 50550K [0x00000000a0000000, 0x00000000aab00000, 0x00000000e0000000)
  object space 175104K, 28% used [0x00000000a0000000,0x00000000a315d970,0x00000000aab00000)
 Metaspace       used 70653K, capacity 74128K, committed 74264K, reserved 1114112K
  class space    used 9579K, capacity 10251K, committed 10280K, reserved 1048576K
Event: 17.433 GC heap after
Heap after GC invocations=21 (full 3):
 PSYoungGen      total 358400K, used 32761K [0x00000000e0000000, 0x00000000f9780000, 0x0000000100000000)
  eden space 318464K, 0% used [0x00000000e0000000,0x00000000e0000000,0x00000000f3700000)
  from space 39936K, 82% used [0x00000000f6100000,0x00000000f80fe588,0x00000000f8800000)
  to   space 43008K, 0% used [0x00000000f3700000,0x00000000f3700000,0x00000000f6100000)
 ParOldGen       total 175104K, used 50558K [0x00000000a0000000, 0x00000000aab00000, 0x00000000e0000000)
  object space 175104K, 28% used [0x00000000a0000000,0x00000000a315f970,0x00000000aab00000)
 Metaspace       used 70653K, capacity 74128K, committed 74264K, reserved 1114112K
  class space    used 9579K, capacity 10251K, committed 10280K, reserved 1048576K
}
Event: 18.368 GC heap before
{Heap before GC invocations=22 (full 3):
 PSYoungGen      total 358400K, used 351225K [0x00000000e0000000, 0x00000000f9780000, 0x0000000100000000)
  eden space 318464K, 100% used [0x00000000e0000000,0x00000000f3700000,0x00000000f3700000)
  from space 39936K, 82% used [0x00000000f6100000,0x00000000f80fe588,0x00000000f8800000)
  to   space 43008K, 0% used [0x00000000f3700000,0x00000000f3700000,0x00000000f6100000)
 ParOldGen       total 175104K, used 50558K [0x00000000a0000000, 0x00000000aab00000, 0x00000000e0000000)
  object space 175104K, 28% used [0x00000000a0000000,0x00000000a315f970,0x00000000aab00000)
 Metaspace       used 70675K, capacity 74130K, committed 74264K, reserved 1114112K
  class space    used 9580K, capacity 10252K, committed 10280K, reserved 1048576K
Event: 18.407 GC heap after
Heap after GC invocations=22 (full 3):
 PSYoungGen      total 361472K, used 24064K [0x00000000e0000000, 0x00000000fcd00000, 0x0000000100000000)
  eden space 318464K, 0% used [0x00000000e0000000,0x00000000e0000000,0x00000000f3700000)
  from space 43008K, 55% used [0x00000000f3700000,0x00000000f4e80050,0x00000000f6100000)
  to   space 41984K, 0% used [0x00000000fa400000,0x00000000fa400000,0x00000000fcd00000)
 ParOldGen       total 175104K, used 64957K [0x00000000a0000000, 0x00000000aab00000, 0x00000000e0000000)
  object space 175104K, 37% used [0x00000000a0000000,0x00000000a3f6f668,0x00000000aab00000)
 Metaspace       used 70675K, capacity 74130K, committed 74264K, reserved 1114112K
  class space    used 9580K, capacity 10252K, committed 10280K, reserved 1048576K
}
Event: 19.438 GC heap before
{Heap before GC invocations=23 (full 3):
 PSYoungGen      total 361472K, used 342528K [0x00000000e0000000, 0x00000000fcd00000, 0x0000000100000000)
  eden space 318464K, 100% used [0x00000000e0000000,0x00000000f3700000,0x00000000f3700000)
  from space 43008K, 55% used [0x00000000f3700000,0x00000000f4e80050,0x00000000f6100000)
  to   space 41984K, 0% used [0x00000000fa400000,0x00000000fa400000,0x00000000fcd00000)
 ParOldGen       total 175104K, used 64957K [0x00000000a0000000, 0x00000000aab00000, 0x00000000e0000000)
  object space 175104K, 37% used [0x00000000a0000000,0x00000000a3f6f668,0x00000000aab00000)
 Metaspace       used 70958K, capacity 74456K, committed 74520K, reserved 1114112K
  class space    used 9586K, capacity 10259K, committed 10280K, reserved 1048576K
Event: 19.497 GC heap after
Heap after GC invocations=23 (full 3):
 PSYoungGen      total 418816K, used 41957K [0x00000000e0000000, 0x00000000fe580000, 0x0000000100000000)
  eden space 376832K, 0% used [0x00000000e0000000,0x00000000e0000000,0x00000000f7000000)
  from space 41984K, 99% used [0x00000000fa400000,0x00000000fccf9720,0x00000000fcd00000)
  to   space 53248K, 0% used [0x00000000f7000000,0x00000000f7000000,0x00000000fa400000)
 ParOldGen       total 175104K, used 78274K [0x00000000a0000000, 0x00000000aab00000, 0x00000000e0000000)
  object space 175104K, 44% used [0x00000000a0000000,0x00000000a4c70840,0x00000000aab00000)
 Metaspace       used 70958K, capacity 74456K, committed 74520K, reserved 1114112K
  class space    used 9586K, capacity 10259K, committed 10280K, reserved 1048576K
}

