# JRE version: OpenJDK Runtime Environment (8.0_202-b03) (build 1.8.0_202-release-1483-b03)
# Java VM: OpenJDK 64-Bit Server VM (25.202-b03 mixed mode windows-amd64 compressed oops)
Heap:
 PSYoungGen      total 307712K, used 30354K [0x00000000e0000000, 0x00000000f7980000, 0x0000000100000000)
  eden space 268800K, 1% used [0x00000000e0000000,0x00000000e036e668,0x00000000f0680000)
  from space 38912K, 68% used [0x00000000f5380000,0x00000000f6db6540,0x00000000f7980000)
  to   space 37888K, 0% used [0x00000000f0680000,0x00000000f0680000,0x00000000f2b80000)
 ParOldGen       total 274432K, used 57567K [0x00000000a0000000, 0x00000000b0c00000, 0x00000000e0000000)
  object space 274432K, 20% used [0x00000000a0000000,0x00000000a3837f30,0x00000000b0c00000)
 Metaspace       used 96985K, capacity 103592K, committed 103768K, reserved 1138688K
  class space    used 12429K, capacity 13532K, committed 13656K, reserved 1048576K
GC Heap History (10 events):
Event: 6048.765 GC heap after
Heap after GC invocations=45 (full 4):
 PSYoungGen      total 248832K, used 18494K [0x00000000e0000000, 0x00000000f3200000, 0x0000000100000000)
  eden space 206336K, 0% used [0x00000000e0000000,0x00000000e0000000,0x00000000ec980000)
  from space 42496K, 43% used [0x00000000ec980000,0x00000000edb8f908,0x00000000ef300000)
  to   space 40960K, 0% used [0x00000000f0a00000,0x00000000f0a00000,0x00000000f3200000)
 ParOldGen       total 274432K, used 54926K [0x00000000a0000000, 0x00000000b0c00000, 0x00000000e0000000)
  object space 274432K, 20% used [0x00000000a0000000,0x00000000a35a3948,0x00000000b0c00000)
 Metaspace       used 96680K, capacity 103234K, committed 103384K, reserved 1138688K
  class space    used 12410K, capacity 13489K, committed 13528K, reserved 1048576K
}
Event: 6049.152 GC heap before
{Heap before GC invocations=46 (full 4):
 PSYoungGen      total 248832K, used 224830K [0x00000000e0000000, 0x00000000f3200000, 0x0000000100000000)
  eden space 206336K, 100% used [0x00000000e0000000,0x00000000ec980000,0x00000000ec980000)
  from space 42496K, 43% used [0x00000000ec980000,0x00000000edb8f908,0x00000000ef300000)
  to   space 40960K, 0% used [0x00000000f0a00000,0x00000000f0a00000,0x00000000f3200000)
 ParOldGen       total 274432K, used 54926K [0x00000000a0000000, 0x00000000b0c00000, 0x00000000e0000000)
  object space 274432K, 20% used [0x00000000a0000000,0x00000000a35a3948,0x00000000b0c00000)
 Metaspace       used 96829K, capacity 103434K, committed 103768K, reserved 1138688K
  class space    used 12426K, capacity 13527K, committed 13656K, reserved 1048576K
Event: 6049.173 GC heap after
Heap after GC invocations=46 (full 4):
 PSYoungGen      total 272384K, used 18792K [0x00000000e0000000, 0x00000000f3080000, 0x0000000100000000)
  eden space 232960K, 0% used [0x00000000e0000000,0x00000000e0000000,0x00000000ee380000)
  from space 39424K, 47% used [0x00000000f0a00000,0x00000000f1c5a288,0x00000000f3080000)
  to   space 39424K, 0% used [0x00000000ee380000,0x00000000ee380000,0x00000000f0a00000)
 ParOldGen       total 274432K, used 56185K [0x00000000a0000000, 0x00000000b0c00000, 0x00000000e0000000)
  object space 274432K, 20% used [0x00000000a0000000,0x00000000a36de4a8,0x00000000b0c00000)
 Metaspace       used 96829K, capacity 103434K, committed 103768K, reserved 1138688K
  class space    used 12426K, capacity 13527K, committed 13656K, reserved 1048576K
}
Event: 6049.608 GC heap before
{Heap before GC invocations=47 (full 4):
 PSYoungGen      total 272384K, used 251752K [0x00000000e0000000, 0x00000000f3080000, 0x0000000100000000)
  eden space 232960K, 100% used [0x00000000e0000000,0x00000000ee380000,0x00000000ee380000)
  from space 39424K, 47% used [0x00000000f0a00000,0x00000000f1c5a288,0x00000000f3080000)
  to   space 39424K, 0% used [0x00000000ee380000,0x00000000ee380000,0x00000000f0a00000)
 ParOldGen       total 274432K, used 56185K [0x00000000a0000000, 0x00000000b0c00000, 0x00000000e0000000)
  object space 274432K, 20% used [0x00000000a0000000,0x00000000a36de4a8,0x00000000b0c00000)
 Metaspace       used 96897K, capacity 103498K, committed 103768K, reserved 1138688K
  class space    used 12426K, capacity 13527K, committed 13656K, reserved 1048576K
Event: 6049.679 GC heap after
Heap after GC invocations=47 (full 4):
 PSYoungGen      total 272384K, used 20384K [0x00000000e0000000, 0x00000000f5380000, 0x0000000100000000)
  eden space 232960K, 0% used [0x00000000e0000000,0x00000000e0000000,0x00000000ee380000)
  from space 39424K, 51% used [0x00000000ee380000,0x00000000ef7682a0,0x00000000f0a00000)
  to   space 38912K, 0% used [0x00000000f2d80000,0x00000000f2d80000,0x00000000f5380000)
 ParOldGen       total 274432K, used 56924K [0x00000000a0000000, 0x00000000b0c00000, 0x00000000e0000000)
  object space 274432K, 20% used [0x00000000a0000000,0x00000000a3797388,0x00000000b0c00000)
 Metaspace       used 96897K, capacity 103498K, committed 103768K, reserved 1138688K
  class space    used 12426K, capacity 13527K, committed 13656K, reserved 1048576K
}
Event: 6050.100 GC heap before
{Heap before GC invocations=48 (full 4):
 PSYoungGen      total 272384K, used 253344K [0x00000000e0000000, 0x00000000f5380000, 0x0000000100000000)
  eden space 232960K, 100% used [0x00000000e0000000,0x00000000ee380000,0x00000000ee380000)
  from space 39424K, 51% used [0x00000000ee380000,0x00000000ef7682a0,0x00000000f0a00000)
  to   space 38912K, 0% used [0x00000000f2d80000,0x00000000f2d80000,0x00000000f5380000)
 ParOldGen       total 274432K, used 56924K [0x00000000a0000000, 0x00000000b0c00000, 0x00000000e0000000)
  object space 274432K, 20% used [0x00000000a0000000,0x00000000a3797388,0x00000000b0c00000)
 Metaspace       used 96942K, capacity 103562K, committed 103768K, reserved 1138688K
  class space    used 12426K, capacity 13527K, committed 13656K, reserved 1048576K
Event: 6050.119 GC heap after
Heap after GC invocations=48 (full 4):
 PSYoungGen      total 304640K, used 20060K [0x00000000e0000000, 0x00000000f5080000, 0x0000000100000000)
  eden space 268800K, 0% used [0x00000000e0000000,0x00000000e0000000,0x00000000f0680000)
  from space 35840K, 55% used [0x00000000f2d80000,0x00000000f41170e0,0x00000000f5080000)
  to   space 37888K, 0% used [0x00000000f0680000,0x00000000f0680000,0x00000000f2b80000)
 ParOldGen       total 274432K, used 57159K [0x00000000a0000000, 0x00000000b0c00000, 0x00000000e0000000)
  object space 274432K, 20% used [0x00000000a0000000,0x00000000a37d1f10,0x00000000b0c00000)
 Metaspace       used 96942K, capacity 103562K, committed 103768K, reserved 1138688K
  class space    used 12426K, capacity 13527K, committed 13656K, reserved 1048576K
}
Event: 6050.547 GC heap before
{Heap before GC invocations=49 (full 4):
 PSYoungGen      total 304640K, used 288860K [0x00000000e0000000, 0x00000000f5080000, 0x0000000100000000)
  eden space 268800K, 100% used [0x00000000e0000000,0x00000000f0680000,0x00000000f0680000)
  from space 35840K, 55% used [0x00000000f2d80000,0x00000000f41170e0,0x00000000f5080000)
  to   space 37888K, 0% used [0x00000000f0680000,0x00000000f0680000,0x00000000f2b80000)
 ParOldGen       total 274432K, used 57159K [0x00000000a0000000, 0x00000000b0c00000, 0x00000000e0000000)
  object space 274432K, 20% used [0x00000000a0000000,0x00000000a37d1f10,0x00000000b0c00000)
 Metaspace       used 96963K, capacity 103574K, committed 103768K, reserved 1138688K
  class space    used 12427K, capacity 13529K, committed 13656K, reserved 1048576K
Event: 6050.564 GC heap after
Heap after GC invocations=49 (full 4):
 PSYoungGen      total 306688K, used 24927K [0x00000000e0000000, 0x00000000f7980000, 0x0000000100000000)
  eden space 268800K, 0% used [0x00000000e0000000,0x00000000e0000000,0x00000000f0680000)
  from space 37888K, 65% used [0x00000000f0680000,0x00000000f1ed7f90,0x00000000f2b80000)
  to   space 38912K, 0% used [0x00000000f5380000,0x00000000f5380000,0x00000000f7980000)
 ParOldGen       total 274432K, used 57455K [0x00000000a0000000, 0x00000000b0c00000, 0x00000000e0000000)
  object space 274432K, 20% used [0x00000000a0000000,0x00000000a381bf20,0x00000000b0c00000)
 Metaspace       used 96963K, capacity 103574K, committed 103768K, reserved 1138688K
  class space    used 12427K, capacity 13529K, committed 13656K, reserved 1048576K
}
Event: 6050.974 GC heap before
{Heap before GC invocations=50 (full 4):
 PSYoungGen      total 306688K, used 293727K [0x00000000e0000000, 0x00000000f7980000, 0x0000000100000000)
  eden space 268800K, 100% used [0x00000000e0000000,0x00000000f0680000,0x00000000f0680000)
  from space 37888K, 65% used [0x00000000f0680000,0x00000000f1ed7f90,0x00000000f2b80000)
  to   space 38912K, 0% used [0x00000000f5380000,0x00000000f5380000,0x00000000f7980000)
 ParOldGen       total 274432K, used 57455K [0x00000000a0000000, 0x00000000b0c00000, 0x00000000e0000000)
  object space 274432K, 20% used [0x00000000a0000000,0x00000000a381bf20,0x00000000b0c00000)
 Metaspace       used 96985K, capacity 103592K, committed 103768K, reserved 1138688K
  class space    used 12429K, capacity 13532K, committed 13656K, reserved 1048576K

