# JRE version: OpenJDK Runtime Environment (8.0_202-b03) (build 1.8.0_202-release-1483-b03)
# Java VM: OpenJDK 64-Bit Server VM (25.202-b03 mixed mode windows-amd64 compressed oops)
Heap:
 PSYoungGen      total 131072K, used 116611K [0x00000000e0000000, 0x00000000ebd80000, 0x0000000100000000)
  eden space 118784K, 87% used [0x00000000e0000000,0x00000000e65e2e30,0x00000000e7400000)
  from space 12288K, 99% used [0x00000000e7400000,0x00000000e7ffdf18,0x00000000e8000000)
  to   space 14848K, 0% used [0x00000000eaf00000,0x00000000eaf00000,0x00000000ebd80000)
 ParOldGen       total 113152K, used 18057K [0x00000000a0000000, 0x00000000a6e80000, 0x00000000e0000000)
  object space 113152K, 15% used [0x00000000a0000000,0x00000000a11a27a0,0x00000000a6e80000)
 Metaspace       used 54720K, capacity 56298K, committed 56488K, reserved 1097728K
  class space    used 7398K, capacity 7782K, committed 7848K, reserved 1048576K
GC Heap History (10 events):
Event: 7.494 GC heap before
{Heap before GC invocations=7 (full 1):
 PSYoungGen      total 56832K, used 55708K [0x00000000e0000000, 0x00000000e6100000, 0x0000000100000000)
  eden space 49152K, 100% used [0x00000000e0000000,0x00000000e3000000,0x00000000e3000000)
  from space 7680K, 85% used [0x00000000e3000000,0x00000000e3667070,0x00000000e3780000)
  to   space 12288K, 0% used [0x00000000e5500000,0x00000000e5500000,0x00000000e6100000)
 ParOldGen       total 85504K, used 9886K [0x00000000a0000000, 0x00000000a5380000, 0x00000000e0000000)
  object space 85504K, 11% used [0x00000000a0000000,0x00000000a09a7ad0,0x00000000a5380000)
 Metaspace       used 30449K, capacity 30982K, committed 31232K, reserved 1077248K
  class space    used 4147K, capacity 4300K, committed 4352K, reserved 1048576K
Event: 7.517 GC heap after
Heap after GC invocations=7 (full 1):
 PSYoungGen      total 87552K, used 6915K [0x00000000e0000000, 0x00000000e6400000, 0x0000000100000000)
  eden space 75264K, 0% used [0x00000000e0000000,0x00000000e0000000,0x00000000e4980000)
  from space 12288K, 56% used [0x00000000e5500000,0x00000000e5bc0ef0,0x00000000e6100000)
  to   space 11776K, 0% used [0x00000000e4980000,0x00000000e4980000,0x00000000e5500000)
 ParOldGen       total 85504K, used 9894K [0x00000000a0000000, 0x00000000a5380000, 0x00000000e0000000)
  object space 85504K, 11% used [0x00000000a0000000,0x00000000a09a9ad0,0x00000000a5380000)
 Metaspace       used 30449K, capacity 30982K, committed 31232K, reserved 1077248K
  class space    used 4147K, capacity 4300K, committed 4352K, reserved 1048576K
}
Event: 9.140 GC heap before
{Heap before GC invocations=8 (full 1):
 PSYoungGen      total 87552K, used 82179K [0x00000000e0000000, 0x00000000e6400000, 0x0000000100000000)
  eden space 75264K, 100% used [0x00000000e0000000,0x00000000e4980000,0x00000000e4980000)
  from space 12288K, 56% used [0x00000000e5500000,0x00000000e5bc0ef0,0x00000000e6100000)
  to   space 11776K, 0% used [0x00000000e4980000,0x00000000e4980000,0x00000000e5500000)
 ParOldGen       total 85504K, used 9894K [0x00000000a0000000, 0x00000000a5380000, 0x00000000e0000000)
  object space 85504K, 11% used [0x00000000a0000000,0x00000000a09a9ad0,0x00000000a5380000)
 Metaspace       used 34504K, capacity 35220K, committed 35456K, reserved 1079296K
  class space    used 4755K, capacity 4949K, committed 4992K, reserved 1048576K
Event: 9.152 GC heap after
Heap after GC invocations=8 (full 1):
 PSYoungGen      total 87040K, used 11186K [0x00000000e0000000, 0x00000000e8c80000, 0x0000000100000000)
  eden space 75264K, 0% used [0x00000000e0000000,0x00000000e0000000,0x00000000e4980000)
  from space 11776K, 94% used [0x00000000e4980000,0x00000000e546c848,0x00000000e5500000)
  to   space 12800K, 0% used [0x00000000e8000000,0x00000000e8000000,0x00000000e8c80000)
 ParOldGen       total 85504K, used 9902K [0x00000000a0000000, 0x00000000a5380000, 0x00000000e0000000)
  object space 85504K, 11% used [0x00000000a0000000,0x00000000a09abad0,0x00000000a5380000)
 Metaspace       used 34504K, capacity 35220K, committed 35456K, reserved 1079296K
  class space    used 4755K, capacity 4949K, committed 4992K, reserved 1048576K
}
Event: 9.286 GC heap before
{Heap before GC invocations=9 (full 1):
 PSYoungGen      total 87040K, used 17933K [0x00000000e0000000, 0x00000000e8c80000, 0x0000000100000000)
  eden space 75264K, 8% used [0x00000000e0000000,0x00000000e0696ca0,0x00000000e4980000)
  from space 11776K, 94% used [0x00000000e4980000,0x00000000e546c848,0x00000000e5500000)
  to   space 12800K, 0% used [0x00000000e8000000,0x00000000e8000000,0x00000000e8c80000)
 ParOldGen       total 85504K, used 9902K [0x00000000a0000000, 0x00000000a5380000, 0x00000000e0000000)
  object space 85504K, 11% used [0x00000000a0000000,0x00000000a09abad0,0x00000000a5380000)
 Metaspace       used 34735K, capacity 35414K, committed 35496K, reserved 1079296K
  class space    used 4781K, capacity 4994K, committed 5032K, reserved 1048576K
Event: 9.300 GC heap after
Heap after GC invocations=9 (full 1):
 PSYoungGen      total 131584K, used 8146K [0x00000000e0000000, 0x00000000e9c00000, 0x0000000100000000)
  eden space 118784K, 0% used [0x00000000e0000000,0x00000000e0000000,0x00000000e7400000)
  from space 12800K, 63% used [0x00000000e8000000,0x00000000e87f4b08,0x00000000e8c80000)
  to   space 12288K, 0% used [0x00000000e7400000,0x00000000e7400000,0x00000000e8000000)
 ParOldGen       total 85504K, used 9902K [0x00000000a0000000, 0x00000000a5380000, 0x00000000e0000000)
  object space 85504K, 11% used [0x00000000a0000000,0x00000000a09abad0,0x00000000a5380000)
 Metaspace       used 34735K, capacity 35414K, committed 35496K, reserved 1079296K
  class space    used 4781K, capacity 4994K, committed 5032K, reserved 1048576K
}
Event: 9.300 GC heap before
{Heap before GC invocations=10 (full 2):
 PSYoungGen      total 131584K, used 8146K [0x00000000e0000000, 0x00000000e9c00000, 0x0000000100000000)
  eden space 118784K, 0% used [0x00000000e0000000,0x00000000e0000000,0x00000000e7400000)
  from space 12800K, 63% used [0x00000000e8000000,0x00000000e87f4b08,0x00000000e8c80000)
  to   space 12288K, 0% used [0x00000000e7400000,0x00000000e7400000,0x00000000e8000000)
 ParOldGen       total 85504K, used 9902K [0x00000000a0000000, 0x00000000a5380000, 0x00000000e0000000)
  object space 85504K, 11% used [0x00000000a0000000,0x00000000a09abad0,0x00000000a5380000)
 Metaspace       used 34735K, capacity 35414K, committed 35496K, reserved 1079296K
  class space    used 4781K, capacity 4994K, committed 5032K, reserved 1048576K
Event: 9.379 GC heap after
Heap after GC invocations=10 (full 2):
 PSYoungGen      total 131584K, used 0K [0x00000000e0000000, 0x00000000e9c00000, 0x0000000100000000)
  eden space 118784K, 0% used [0x00000000e0000000,0x00000000e0000000,0x00000000e7400000)
  from space 12800K, 0% used [0x00000000e8000000,0x00000000e8000000,0x00000000e8c80000)
  to   space 12288K, 0% used [0x00000000e7400000,0x00000000e7400000,0x00000000e8000000)
 ParOldGen       total 113152K, used 15019K [0x00000000a0000000, 0x00000000a6e80000, 0x00000000e0000000)
  object space 113152K, 13% used [0x00000000a0000000,0x00000000a0eaacb0,0x00000000a6e80000)
 Metaspace       used 34727K, capacity 35390K, committed 35496K, reserved 1079296K
  class space    used 4779K, capacity 4990K, committed 5032K, reserved 1048576K
}
Event: 11.610 GC heap before
{Heap before GC invocations=11 (full 2):
 PSYoungGen      total 131584K, used 118784K [0x00000000e0000000, 0x00000000e9c00000, 0x0000000100000000)
  eden space 118784K, 100% used [0x00000000e0000000,0x00000000e7400000,0x00000000e7400000)
  from space 12800K, 0% used [0x00000000e8000000,0x00000000e8000000,0x00000000e8c80000)
  to   space 12288K, 0% used [0x00000000e7400000,0x00000000e7400000,0x00000000e8000000)
 ParOldGen       total 113152K, used 15019K [0x00000000a0000000, 0x00000000a6e80000, 0x00000000e0000000)
  object space 113152K, 13% used [0x00000000a0000000,0x00000000a0eaacb0,0x00000000a6e80000)
 Metaspace       used 45400K, capacity 46398K, committed 46632K, reserved 1089536K
  class space    used 6119K, capacity 6414K, committed 6440K, reserved 1048576K
Event: 11.626 GC heap after
Heap after GC invocations=11 (full 2):
 PSYoungGen      total 131072K, used 12279K [0x00000000e0000000, 0x00000000ebd80000, 0x0000000100000000)
  eden space 118784K, 0% used [0x00000000e0000000,0x00000000e0000000,0x00000000e7400000)
  from space 12288K, 99% used [0x00000000e7400000,0x00000000e7ffdf18,0x00000000e8000000)
  to   space 14848K, 0% used [0x00000000eaf00000,0x00000000eaf00000,0x00000000ebd80000)
 ParOldGen       total 113152K, used 18057K [0x00000000a0000000, 0x00000000a6e80000, 0x00000000e0000000)
  object space 113152K, 15% used [0x00000000a0000000,0x00000000a11a27a0,0x00000000a6e80000)
 Metaspace       used 45400K, capacity 46398K, committed 46632K, reserved 1089536K
  class space    used 6119K, capacity 6414K, committed 6440K, reserved 1048576K
}

